<?xml version="1.0" encoding="UTF-8"?>
<testsuite name="tests.AddNewContact" tests="2" skipped="0" failures="0" errors="0" timestamp="2022-06-16T05:41:41" hostname="ARTEMKA" time="5.862">
  <properties/>
  <testcase name="oneContactAdd" classname="tests.AddNewContact" time="4.307"/>
  <testcase name="removeOneContactWithDetails" classname="tests.AddNewContact" time="1.54"/>
  <system-out><![CDATA[08:41:41  INFO  manager.MyListener - Start searching element with locator-->By.xpath: //*[text()='Sign Out']
08:41:41  INFO  manager.MyListener - Element with locator-->By.xpath: //*[text()='Sign Out']  was found
08:41:41  INFO  tests.TestBase - start test:  oneContactAdd
08:41:41  INFO  manager.MyListener - Start searching element with locator-->By.cssSelector: .contact-item_card__2SOIM
08:41:41  INFO  manager.MyListener - Element with locator-->By.cssSelector: .contact-item_card__2SOIM  was found
Total amount of contacts--->6
08:41:41  INFO  manager.MyListener - Start searching element with locator-->By.cssSelector: .contact-item_card__2SOIM
08:41:41  INFO  manager.MyListener - Element with locator-->By.cssSelector: .contact-item_card__2SOIM  was found
Total amount of contacts--->6
08:41:41  INFO  tests.TestBase - Test'Add new contact' starts with count of contacts--->6
08:41:41  INFO  manager.MyListener - Start searching element with locator-->By.xpath: //*[text()='ADD']
08:41:41  INFO  manager.MyListener - Element with locator-->By.xpath: //*[text()='ADD']  was found
08:41:41  INFO  manager.MyListener - Start searching element with locator-->By.cssSelector: input[placeholder ='Name']
08:41:41  INFO  manager.MyListener - Element with locator-->By.cssSelector: input[placeholder ='Name']  was found
08:41:41  INFO  manager.MyListener - Start searching element with locator-->By.cssSelector: input[placeholder ='Last Name']
08:41:41  INFO  manager.MyListener - Element with locator-->By.cssSelector: input[placeholder ='Last Name']  was found
08:41:42  INFO  manager.MyListener - Start searching element with locator-->By.cssSelector: input[placeholder ='Phone']
08:41:42  INFO  manager.MyListener - Element with locator-->By.cssSelector: input[placeholder ='Phone']  was found
08:41:42  INFO  manager.MyListener - Start searching element with locator-->By.cssSelector: input[placeholder ='email']
08:41:42  INFO  manager.MyListener - Element with locator-->By.cssSelector: input[placeholder ='email']  was found
08:41:42  INFO  manager.MyListener - Start searching element with locator-->By.cssSelector: input[placeholder ='Address']
08:41:42  INFO  manager.MyListener - Element with locator-->By.cssSelector: input[placeholder ='Address']  was found
08:41:43  INFO  manager.MyListener - Start searching element with locator-->By.cssSelector: input[placeholder ='description']
08:41:43  INFO  manager.MyListener - Element with locator-->By.cssSelector: input[placeholder ='description']  was found
08:41:43  INFO  manager.MyListener - Start searching element with locator-->By.cssSelector: div.add_form__2rsm2 :last-child
08:41:43  INFO  manager.MyListener - Element with locator-->By.cssSelector: div.add_form__2rsm2 :last-child  was found
08:41:45  INFO  manager.MyListener - Start searching element with locator-->By.cssSelector: .contact-item_card__2SOIM
08:41:45  INFO  manager.MyListener - Element with locator-->By.cssSelector: .contact-item_card__2SOIM  was found
Total amount of contacts--->7
08:41:45  INFO  tests.TestBase - Test'Add new contact' ends with count of contacts--->7
08:41:45  INFO  tests.TestBase - End of Test:  oneContactAdd
08:41:45  INFO  tests.TestBase - start test:  removeOneContactWithDetails
08:41:45  INFO  manager.MyListener - Start searching element with locator-->By.cssSelector: .contact-item_card__2SOIM
08:41:45  INFO  manager.MyListener - Element with locator-->By.cssSelector: .contact-item_card__2SOIM  was found
Total amount of contacts--->7
08:41:45  INFO  manager.MyListener - Start searching element with locator-->By.cssSelector: .contact-item_card__2SOIM
08:41:45  INFO  manager.MyListener - Element with locator-->By.cssSelector: .contact-item_card__2SOIM  was found
Total amount of contacts--->7
08:41:45  INFO  tests.TestBase - Contact's list starts with 7contacts
08:41:45  INFO  manager.MyListener - Start searching element with locator-->By.cssSelector: .contact-item_card__2SOIM h3
08:41:45  INFO  manager.MyListener - Element with locator-->By.cssSelector: .contact-item_card__2SOIM h3  was found
08:41:45  INFO  manager.MyListener - Start searching element with locator-->By.cssSelector: .contact-item_card__2SOIM
08:41:45  INFO  manager.MyListener - Element with locator-->By.cssSelector: .contact-item_card__2SOIM  was found
08:41:45  INFO  manager.HelperBase - Deleted contact has phone number = +1233333030
08:41:45  INFO  manager.MyListener - Start searching element with locator-->By.xpath: //*[text()='Remove']
08:41:46  INFO  manager.MyListener - Element with locator-->By.xpath: //*[text()='Remove']  was found
08:41:47  INFO  manager.MyListener - Start searching element with locator-->By.cssSelector: .contact-item_card__2SOIM
08:41:47  INFO  manager.MyListener - Element with locator-->By.cssSelector: .contact-item_card__2SOIM  was found
Total amount of contacts--->6
08:41:47  INFO  tests.TestBase - Contact's list ends with 6contacts
08:41:47  INFO  tests.TestBase - End of Test:  removeOneContactWithDetails
]]></system-out>
  <system-err><![CDATA[]]></system-err>
</testsuite>
