<?xml version="1.0" encoding="UTF-8"?>
<testsuite name="tests.Login" tests="4" skipped="0" failures="0" errors="0" timestamp="2022-06-16T12:19:18" hostname="ARTEMKA" time="20.795">
  <properties/>
  <testcase name="LoginNegEmail" classname="tests.Login" time="6.641"/>
  <testcase name="LoginNegPass" classname="tests.Login" time="1.638"/>
  <testcase name="LoginPos" classname="tests.Login" time="1.1"/>
  <testcase name="LoginPosModels" classname="tests.Login" time="1.107"/>
  <system-out><![CDATA[15:19:18  INFO  tests.TestBase - start test:  LoginNegEmail
15:19:18  INFO  manager.MyListener - Start searching element with locator-->By.xpath: //*[text()='Sign Out']
15:19:18  INFO  manager.MyListener - Element with locator-->By.xpath: //*[text()='Sign Out']  was found
15:19:18  INFO  manager.MyListener - Start searching element with locator-->By.xpath: //button[text()='Sign Out']
15:19:18  INFO  manager.MyListener - Element with locator-->By.xpath: //button[text()='Sign Out']  was found
15:19:18  INFO  manager.MyListener - Start searching element with locator-->By.xpath: //a[@href='/login']
15:19:18  INFO  manager.MyListener - Element with locator-->By.xpath: //a[@href='/login']  was found
15:19:18  INFO  manager.MyListener - Start searching element with locator-->By.xpath: //*[@placeholder='Email']
15:19:18  INFO  manager.MyListener - Element with locator-->By.xpath: //*[@placeholder='Email']  was found
15:19:18  INFO  manager.MyListener - Start searching element with locator-->By.xpath: //*[@placeholder='Password']
15:19:18  INFO  manager.MyListener - Element with locator-->By.xpath: //*[@placeholder='Password']  was found
15:19:19  INFO  manager.MyListener - Start searching element with locator-->By.xpath: //button[text()=' Login']
15:19:19  INFO  manager.MyListener - Element with locator-->By.xpath: //button[text()=' Login']  was found
15:19:19  INFO  manager.MyListener - Start searching element with locator-->By.xpath: //*[text()='Sign Out']
15:19:24  INFO  manager.MyListener - Element with locator-->By.xpath: //*[text()='Sign Out']  was found
15:19:24  INFO  tests.TestBase - End of Test:  LoginNegEmail
15:19:24  INFO  tests.TestBase - start test:  LoginNegPass
15:19:24  INFO  manager.MyListener - Start searching element with locator-->By.xpath: //*[text()='Sign Out']
15:19:29  INFO  manager.MyListener - Element with locator-->By.xpath: //*[text()='Sign Out']  was found
15:19:29  INFO  manager.MyListener - Start searching element with locator-->By.xpath: //a[@href='/login']
15:19:29  INFO  manager.MyListener - Element with locator-->By.xpath: //a[@href='/login']  was found
15:19:30  INFO  manager.MyListener - Start searching element with locator-->By.xpath: //*[@placeholder='Email']
15:19:30  INFO  manager.MyListener - Element with locator-->By.xpath: //*[@placeholder='Email']  was found
15:19:30  INFO  manager.MyListener - Start searching element with locator-->By.xpath: //*[@placeholder='Password']
15:19:30  INFO  manager.MyListener - Element with locator-->By.xpath: //*[@placeholder='Password']  was found
15:19:30  INFO  manager.MyListener - Start searching element with locator-->By.xpath: //button[text()=' Login']
15:19:30  INFO  manager.MyListener - Element with locator-->By.xpath: //button[text()=' Login']  was found
15:19:31  INFO  tests.TestBase - End of Test:  LoginNegPass
15:19:31  INFO  tests.TestBase - start test:  LoginPos
15:19:31  INFO  manager.MyListener - Start searching element with locator-->By.xpath: //*[text()='Sign Out']
15:19:36  INFO  manager.MyListener - Element with locator-->By.xpath: //*[text()='Sign Out']  was found
15:19:36  INFO  tests.TestBase - Login with data: -->UserM624@gmail.com; OlaMar345$
15:19:36  INFO  manager.MyListener - Start searching element with locator-->By.xpath: //a[@href='/login']
15:19:36  INFO  manager.MyListener - Element with locator-->By.xpath: //a[@href='/login']  was found
15:19:36  INFO  manager.MyListener - Start searching element with locator-->By.xpath: //*[@placeholder='Email']
15:19:36  INFO  manager.MyListener - Element with locator-->By.xpath: //*[@placeholder='Email']  was found
15:19:37  INFO  manager.MyListener - Start searching element with locator-->By.xpath: //*[@placeholder='Password']
15:19:37  INFO  manager.MyListener - Element with locator-->By.xpath: //*[@placeholder='Password']  was found
15:19:37  INFO  manager.MyListener - Start searching element with locator-->By.xpath: //button[text()=' Login']
15:19:37  INFO  manager.MyListener - Element with locator-->By.xpath: //button[text()=' Login']  was found
15:19:37  INFO  manager.MyListener - Start searching element with locator-->By.xpath: //*[text()='Sign Out']
15:19:37  INFO  manager.MyListener - Element with locator-->By.xpath: //*[text()='Sign Out']  was found
15:19:37  INFO  tests.TestBase - Test finished --> Success
15:19:37  INFO  tests.TestBase - End of Test:  LoginPos
15:19:37  INFO  tests.TestBase - start test:  LoginPosModels
15:19:37  INFO  manager.MyListener - Start searching element with locator-->By.xpath: //*[text()='Sign Out']
15:19:37  INFO  manager.MyListener - Element with locator-->By.xpath: //*[text()='Sign Out']  was found
15:19:37  INFO  manager.MyListener - Start searching element with locator-->By.xpath: //button[text()='Sign Out']
15:19:37  INFO  manager.MyListener - Element with locator-->By.xpath: //button[text()='Sign Out']  was found
15:19:37  INFO  manager.MyListener - Start searching element with locator-->By.xpath: //a[@href='/login']
15:19:38  INFO  manager.MyListener - Element with locator-->By.xpath: //a[@href='/login']  was found
15:19:38  INFO  manager.MyListener - Start searching element with locator-->By.xpath: //*[@placeholder='Email']
15:19:38  INFO  manager.MyListener - Element with locator-->By.xpath: //*[@placeholder='Email']  was found
15:19:38  INFO  manager.MyListener - Start searching element with locator-->By.xpath: //*[@placeholder='Password']
15:19:38  INFO  manager.MyListener - Element with locator-->By.xpath: //*[@placeholder='Password']  was found
15:19:38  INFO  manager.MyListener - Start searching element with locator-->By.xpath: //button[text()=' Login']
15:19:38  INFO  manager.MyListener - Element with locator-->By.xpath: //button[text()=' Login']  was found
15:19:39  INFO  manager.MyListener - Start searching element with locator-->By.xpath: //*[text()='Sign Out']
15:19:39  INFO  manager.MyListener - Element with locator-->By.xpath: //*[text()='Sign Out']  was found
15:19:39  INFO  tests.TestBase - End of Test:  LoginPosModels
]]></system-out>
  <system-err><![CDATA[]]></system-err>
</testsuite>
