<?xml version="1.0" encoding="UTF-8"?>
<testsuite name="tests.Login" tests="1" skipped="0" failures="0" errors="0" timestamp="2022-06-13T08:57:10" hostname="DESKTOP-KF54E9L" time="2.706">
  <properties/>
  <testcase name="LoginPosModels" classname="tests.Login" time="2.706"/>
  <system-out><![CDATA[11:57:05  INFO  tests.TestBase - start test:  LoginPosModels
11:57:05  INFO  manager.MyListener - Start searching element with locator-->By.xpath: //*[text()='Sign Out']
11:57:10  INFO  manager.MyListener - Element with locator-->By.xpath: //*[text()='Sign Out']  was found
11:57:10  INFO  manager.MyListener - Start searching element with locator-->By.xpath: //a[@href='/login']
11:57:11  INFO  manager.MyListener - Element with locator-->By.xpath: //a[@href='/login']  was found
11:57:11  INFO  manager.MyListener - Start searching element with locator-->By.xpath: //*[@placeholder='Email']
11:57:11  INFO  manager.MyListener - Element with locator-->By.xpath: //*[@placeholder='Email']  was found
11:57:12  INFO  manager.MyListener - Start searching element with locator-->By.xpath: //*[@placeholder='Password']
11:57:12  INFO  manager.MyListener - Element with locator-->By.xpath: //*[@placeholder='Password']  was found
11:57:12  INFO  manager.MyListener - Start searching element with locator-->By.xpath: //button[text()=' Login']
11:57:12  INFO  manager.MyListener - Element with locator-->By.xpath: //button[text()=' Login']  was found
11:57:12  INFO  manager.MyListener - Start searching element with locator-->By.xpath: //*[text()='Sign Out']
11:57:13  INFO  manager.MyListener - Element with locator-->By.xpath: //*[text()='Sign Out']  was found
11:57:13  INFO  tests.TestBase - End of Test:  LoginPosModels
]]></system-out>
  <system-err><![CDATA[]]></system-err>
</testsuite>
