<?xml version="1.0" encoding="UTF-8"?>
<testsuite name="tests.Registration" tests="2" skipped="0" failures="0" errors="0" timestamp="2022-06-16T05:41:24" hostname="ARTEMKA" time="8.368">
  <properties/>
  <testcase name="RegistrationFailExistUser" classname="tests.Registration" time="2.213"/>
  <testcase name="RegistrationPosModels" classname="tests.Registration" time="1.123"/>
  <system-out><![CDATA[08:41:19  INFO  tests.TestBase - start test:  RegistrationFailExistUser
08:41:19  INFO  manager.MyListener - Start searching element with locator-->By.xpath: //*[text()='Sign Out']
08:41:24  INFO  manager.MyListener - Element with locator-->By.xpath: //*[text()='Sign Out']  was found
08:41:24  INFO  tests.TestBase - registration with: email-> UserM624@gmail.com and password-> OlaMar345$
08:41:24  INFO  manager.MyListener - Start searching element with locator-->By.xpath: //a[@href='/login']
08:41:24  INFO  manager.MyListener - Element with locator-->By.xpath: //a[@href='/login']  was found
08:41:25  INFO  manager.MyListener - Start searching element with locator-->By.xpath: //*[@placeholder='Email']
08:41:25  INFO  manager.MyListener - Element with locator-->By.xpath: //*[@placeholder='Email']  was found
08:41:25  INFO  manager.MyListener - Start searching element with locator-->By.xpath: //*[@placeholder='Password']
08:41:25  INFO  manager.MyListener - Element with locator-->By.xpath: //*[@placeholder='Password']  was found
08:41:25  INFO  manager.MyListener - Start searching element with locator-->By.xpath: //*[text()=' Registration']
08:41:25  INFO  manager.MyListener - Element with locator-->By.xpath: //*[text()=' Registration']  was found
08:41:27  INFO  manager.MyListener - Start searching element with locator-->By.cssSelector: div.login_login__3EHKB :first-child
08:41:27  INFO  manager.MyListener - Element with locator-->By.cssSelector: div.login_login__3EHKB :first-child  was found
Code of failure: - Registration failed with code 409
08:41:27  INFO  tests.TestBase - End of Test:  RegistrationFailExistUser
08:41:27  INFO  tests.TestBase - start test:  RegistrationPosModels
08:41:27  INFO  manager.MyListener - Start searching element with locator-->By.xpath: //*[text()='Sign Out']
08:41:32  INFO  manager.MyListener - Element with locator-->By.xpath: //*[text()='Sign Out']  was found
08:41:32  INFO  tests.TestBase - registration with: email-> UserO2475@gmail.com and password-> OlaMar345$
08:41:32  INFO  manager.MyListener - Start searching element with locator-->By.xpath: //a[@href='/login']
08:41:32  INFO  manager.MyListener - Element with locator-->By.xpath: //a[@href='/login']  was found
08:41:32  INFO  manager.MyListener - Start searching element with locator-->By.xpath: //*[@placeholder='Email']
08:41:32  INFO  manager.MyListener - Element with locator-->By.xpath: //*[@placeholder='Email']  was found
08:41:32  INFO  manager.MyListener - Start searching element with locator-->By.xpath: //*[@placeholder='Password']
08:41:32  INFO  manager.MyListener - Element with locator-->By.xpath: //*[@placeholder='Password']  was found
08:41:33  INFO  manager.MyListener - Start searching element with locator-->By.xpath: //*[text()=' Registration']
08:41:33  INFO  manager.MyListener - Element with locator-->By.xpath: //*[text()=' Registration']  was found
08:41:33  INFO  manager.MyListener - Start searching element with locator-->By.xpath: //*[text()='Sign Out']
08:41:33  INFO  manager.MyListener - Element with locator-->By.xpath: //*[text()='Sign Out']  was found
08:41:33  INFO  tests.TestBase - End of Test:  RegistrationPosModels
]]></system-out>
  <system-err><![CDATA[]]></system-err>
</testsuite>
