<?xml version="1.0" encoding="UTF-8"?>
<testsuite name="tests.Registration" tests="1" skipped="0" failures="0" errors="0" timestamp="2022-06-13T08:57:13" hostname="DESKTOP-KF54E9L" time="2.204">
  <properties/>
  <testcase name="RegistrationFailPassword" classname="tests.Registration" time="2.204"/>
  <system-out><![CDATA[11:57:13  INFO  tests.TestBase - start test:  RegistrationFailPassword
11:57:13  INFO  manager.MyListener - Start searching element with locator-->By.xpath: //*[text()='Sign Out']
11:57:13  INFO  manager.MyListener - Element with locator-->By.xpath: //*[text()='Sign Out']  was found
11:57:13  INFO  manager.MyListener - Start searching element with locator-->By.xpath: //button[text()='Sign Out']
11:57:13  INFO  manager.MyListener - Element with locator-->By.xpath: //button[text()='Sign Out']  was found
11:57:13  INFO  tests.TestBase - registration with: email-> UserM3415@gmail.com and password-> OlaMar345
11:57:13  INFO  manager.MyListener - Start searching element with locator-->By.xpath: //a[@href='/login']
11:57:13  INFO  manager.MyListener - Element with locator-->By.xpath: //a[@href='/login']  was found
11:57:14  INFO  manager.MyListener - Start searching element with locator-->By.xpath: //*[@placeholder='Email']
11:57:14  INFO  manager.MyListener - Element with locator-->By.xpath: //*[@placeholder='Email']  was found
11:57:14  INFO  manager.MyListener - Start searching element with locator-->By.xpath: //*[@placeholder='Password']
11:57:14  INFO  manager.MyListener - Element with locator-->By.xpath: //*[@placeholder='Password']  was found
11:57:14  INFO  manager.MyListener - Start searching element with locator-->By.xpath: //*[text()=' Registration']
11:57:14  INFO  manager.MyListener - Element with locator-->By.xpath: //*[text()=' Registration']  was found
11:57:15  INFO  manager.MyListener - Start searching element with locator-->By.cssSelector: div.login_login__3EHKB :first-child
11:57:16  INFO  manager.MyListener - Element with locator-->By.cssSelector: div.login_login__3EHKB :first-child  was found
Code of failure: - Registration failed with code 400
11:57:16  INFO  tests.TestBase - End of Test:  RegistrationFailPassword
]]></system-out>
  <system-err><![CDATA[]]></system-err>
</testsuite>
