<?xml version="1.0" encoding="UTF-8"?>
<testsuite name="tests.Registration" tests="8" skipped="0" failures="0" errors="0" timestamp="2022-06-16T12:18:51" hostname="ARTEMKA" time="26.654">
  <properties/>
  <testcase name="RegistrationFailEmail" classname="tests.Registration" time="2.219"/>
  <testcase name="RegistrationFailExistUser" classname="tests.Registration" time="1.689"/>
  <testcase name="RegistrationFailPassword" classname="tests.Registration" time="1.076"/>
  <testcase name="RegistrationPos[0](Frog1537@gmail.com, Zat1537$)" classname="tests.Registration" time="1.108"/>
  <testcase name="RegistrationPos[1](Frog15371@gmail.com, Zat1537$)" classname="tests.Registration" time="1.108"/>
  <testcase name="RegistrationPos[2](Frog15372@gmail.com, Zat1537$)" classname="tests.Registration" time="1.106"/>
  <testcase name="RegistrationPos[3](Frog15373@gmail.com, Zat1537$)" classname="tests.Registration" time="1.094"/>
  <testcase name="RegistrationPosModels" classname="tests.Registration" time="1.104"/>
  <system-out><![CDATA[15:18:46  INFO  tests.TestBase - start test:  RegistrationFailEmail
15:18:46  INFO  manager.MyListener - Start searching element with locator-->By.xpath: //*[text()='Sign Out']
15:18:51  INFO  manager.MyListener - Element with locator-->By.xpath: //*[text()='Sign Out']  was found
15:18:51  INFO  tests.TestBase - registration with: email-> UserM1121gmail.com and password-> OlaMar345$
15:18:51  INFO  manager.MyListener - Start searching element with locator-->By.xpath: //a[@href='/login']
15:18:51  INFO  manager.MyListener - Element with locator-->By.xpath: //a[@href='/login']  was found
15:18:51  INFO  manager.MyListener - Start searching element with locator-->By.xpath: //*[@placeholder='Email']
15:18:51  INFO  manager.MyListener - Element with locator-->By.xpath: //*[@placeholder='Email']  was found
15:18:51  INFO  manager.MyListener - Start searching element with locator-->By.xpath: //*[@placeholder='Password']
15:18:51  INFO  manager.MyListener - Element with locator-->By.xpath: //*[@placeholder='Password']  was found
15:18:52  INFO  manager.MyListener - Start searching element with locator-->By.xpath: //*[text()=' Registration']
15:18:52  INFO  manager.MyListener - Element with locator-->By.xpath: //*[text()=' Registration']  was found
15:18:53  INFO  manager.MyListener - Start searching element with locator-->By.cssSelector: div.login_login__3EHKB :first-child
15:18:53  INFO  manager.MyListener - Element with locator-->By.cssSelector: div.login_login__3EHKB :first-child  was found
Code of failure: - Registration failed with code 400
15:18:53  INFO  tests.TestBase - End of Test:  RegistrationFailEmail
15:18:53  INFO  tests.TestBase - start test:  RegistrationFailExistUser
15:18:53  INFO  manager.MyListener - Start searching element with locator-->By.xpath: //*[text()='Sign Out']
15:18:58  INFO  manager.MyListener - Element with locator-->By.xpath: //*[text()='Sign Out']  was found
15:18:58  INFO  tests.TestBase - registration with: email-> UserM624@gmail.com and password-> OlaMar345$
15:18:58  INFO  manager.MyListener - Start searching element with locator-->By.xpath: //a[@href='/login']
15:18:58  INFO  manager.MyListener - Element with locator-->By.xpath: //a[@href='/login']  was found
15:18:58  INFO  manager.MyListener - Start searching element with locator-->By.xpath: //*[@placeholder='Email']
15:18:58  INFO  manager.MyListener - Element with locator-->By.xpath: //*[@placeholder='Email']  was found
15:18:59  INFO  manager.MyListener - Start searching element with locator-->By.xpath: //*[@placeholder='Password']
15:18:59  INFO  manager.MyListener - Element with locator-->By.xpath: //*[@placeholder='Password']  was found
15:18:59  INFO  manager.MyListener - Start searching element with locator-->By.xpath: //*[text()=' Registration']
15:18:59  INFO  manager.MyListener - Element with locator-->By.xpath: //*[text()=' Registration']  was found
15:19:00  INFO  manager.MyListener - Start searching element with locator-->By.cssSelector: div.login_login__3EHKB :first-child
15:19:00  INFO  manager.MyListener - Element with locator-->By.cssSelector: div.login_login__3EHKB :first-child  was found
Code of failure: - Registration failed with code 409
15:19:00  INFO  tests.TestBase - End of Test:  RegistrationFailExistUser
15:19:00  INFO  tests.TestBase - start test:  RegistrationFailPassword
15:19:00  INFO  manager.MyListener - Start searching element with locator-->By.xpath: //*[text()='Sign Out']
15:19:05  INFO  manager.MyListener - Element with locator-->By.xpath: //*[text()='Sign Out']  was found
15:19:05  INFO  tests.TestBase - registration with: email-> UserM1121@gmail.com and password-> OlaMar345
15:19:05  INFO  manager.MyListener - Start searching element with locator-->By.xpath: //a[@href='/login']
15:19:05  INFO  manager.MyListener - Element with locator-->By.xpath: //a[@href='/login']  was found
15:19:05  INFO  manager.MyListener - Start searching element with locator-->By.xpath: //*[@placeholder='Email']
15:19:05  INFO  manager.MyListener - Element with locator-->By.xpath: //*[@placeholder='Email']  was found
15:19:05  INFO  manager.MyListener - Start searching element with locator-->By.xpath: //*[@placeholder='Password']
15:19:05  INFO  manager.MyListener - Element with locator-->By.xpath: //*[@placeholder='Password']  was found
15:19:06  INFO  manager.MyListener - Start searching element with locator-->By.xpath: //*[text()=' Registration']
15:19:06  INFO  manager.MyListener - Element with locator-->By.xpath: //*[text()=' Registration']  was found
15:19:06  INFO  manager.MyListener - Start searching element with locator-->By.cssSelector: div.login_login__3EHKB :first-child
15:19:06  INFO  manager.MyListener - Element with locator-->By.cssSelector: div.login_login__3EHKB :first-child  was found
Code of failure: - Registration failed with code 400
15:19:06  INFO  tests.TestBase - End of Test:  RegistrationFailPassword
15:19:06  INFO  tests.TestBase - start test:  RegistrationPos
15:19:06  INFO  manager.MyListener - Start searching element with locator-->By.xpath: //*[text()='Sign Out']
15:19:11  INFO  manager.MyListener - Element with locator-->By.xpath: //*[text()='Sign Out']  was found
15:19:11  INFO  tests.TestBase - registration with: email-> Frog1537@gmail.com and password-> Zat1537$
15:19:11  INFO  manager.MyListener - Start searching element with locator-->By.xpath: //a[@href='/login']
15:19:11  INFO  manager.MyListener - Element with locator-->By.xpath: //a[@href='/login']  was found
15:19:11  INFO  manager.MyListener - Start searching element with locator-->By.xpath: //*[@placeholder='Email']
15:19:11  INFO  manager.MyListener - Element with locator-->By.xpath: //*[@placeholder='Email']  was found
15:19:12  INFO  manager.MyListener - Start searching element with locator-->By.xpath: //*[@placeholder='Password']
15:19:12  INFO  manager.MyListener - Element with locator-->By.xpath: //*[@placeholder='Password']  was found
15:19:12  INFO  manager.MyListener - Start searching element with locator-->By.xpath: //*[text()=' Registration']
15:19:12  INFO  manager.MyListener - Element with locator-->By.xpath: //*[text()=' Registration']  was found
15:19:12  INFO  manager.MyListener - Start searching element with locator-->By.xpath: //*[text()='Sign Out']
15:19:12  INFO  manager.MyListener - Element with locator-->By.xpath: //*[text()='Sign Out']  was found
15:19:12  INFO  tests.TestBase - End of Test:  RegistrationPos
15:19:12  INFO  tests.TestBase - start test:  RegistrationPos
15:19:12  INFO  manager.MyListener - Start searching element with locator-->By.xpath: //*[text()='Sign Out']
15:19:12  INFO  manager.MyListener - Element with locator-->By.xpath: //*[text()='Sign Out']  was found
15:19:12  INFO  manager.MyListener - Start searching element with locator-->By.xpath: //button[text()='Sign Out']
15:19:12  INFO  manager.MyListener - Element with locator-->By.xpath: //button[text()='Sign Out']  was found
15:19:12  INFO  tests.TestBase - registration with: email-> Frog15371@gmail.com and password-> Zat1537$
15:19:12  INFO  manager.MyListener - Start searching element with locator-->By.xpath: //a[@href='/login']
15:19:12  INFO  manager.MyListener - Element with locator-->By.xpath: //a[@href='/login']  was found
15:19:13  INFO  manager.MyListener - Start searching element with locator-->By.xpath: //*[@placeholder='Email']
15:19:13  INFO  manager.MyListener - Element with locator-->By.xpath: //*[@placeholder='Email']  was found
15:19:13  INFO  manager.MyListener - Start searching element with locator-->By.xpath: //*[@placeholder='Password']
15:19:13  INFO  manager.MyListener - Element with locator-->By.xpath: //*[@placeholder='Password']  was found
15:19:13  INFO  manager.MyListener - Start searching element with locator-->By.xpath: //*[text()=' Registration']
15:19:13  INFO  manager.MyListener - Element with locator-->By.xpath: //*[text()=' Registration']  was found
15:19:13  INFO  manager.MyListener - Start searching element with locator-->By.xpath: //*[text()='Sign Out']
15:19:13  INFO  manager.MyListener - Element with locator-->By.xpath: //*[text()='Sign Out']  was found
15:19:13  INFO  tests.TestBase - End of Test:  RegistrationPos
15:19:13  INFO  tests.TestBase - start test:  RegistrationPos
15:19:13  INFO  manager.MyListener - Start searching element with locator-->By.xpath: //*[text()='Sign Out']
15:19:13  INFO  manager.MyListener - Element with locator-->By.xpath: //*[text()='Sign Out']  was found
15:19:13  INFO  manager.MyListener - Start searching element with locator-->By.xpath: //button[text()='Sign Out']
15:19:13  INFO  manager.MyListener - Element with locator-->By.xpath: //button[text()='Sign Out']  was found
15:19:14  INFO  tests.TestBase - registration with: email-> Frog15372@gmail.com and password-> Zat1537$
15:19:14  INFO  manager.MyListener - Start searching element with locator-->By.xpath: //a[@href='/login']
15:19:14  INFO  manager.MyListener - Element with locator-->By.xpath: //a[@href='/login']  was found
15:19:14  INFO  manager.MyListener - Start searching element with locator-->By.xpath: //*[@placeholder='Email']
15:19:14  INFO  manager.MyListener - Element with locator-->By.xpath: //*[@placeholder='Email']  was found
15:19:14  INFO  manager.MyListener - Start searching element with locator-->By.xpath: //*[@placeholder='Password']
15:19:14  INFO  manager.MyListener - Element with locator-->By.xpath: //*[@placeholder='Password']  was found
15:19:15  INFO  manager.MyListener - Start searching element with locator-->By.xpath: //*[text()=' Registration']
15:19:15  INFO  manager.MyListener - Element with locator-->By.xpath: //*[text()=' Registration']  was found
15:19:15  INFO  manager.MyListener - Start searching element with locator-->By.xpath: //*[text()='Sign Out']
15:19:15  INFO  manager.MyListener - Element with locator-->By.xpath: //*[text()='Sign Out']  was found
15:19:15  INFO  tests.TestBase - End of Test:  RegistrationPos
15:19:15  INFO  tests.TestBase - start test:  RegistrationPos
15:19:15  INFO  manager.MyListener - Start searching element with locator-->By.xpath: //*[text()='Sign Out']
15:19:15  INFO  manager.MyListener - Element with locator-->By.xpath: //*[text()='Sign Out']  was found
15:19:15  INFO  manager.MyListener - Start searching element with locator-->By.xpath: //button[text()='Sign Out']
15:19:15  INFO  manager.MyListener - Element with locator-->By.xpath: //button[text()='Sign Out']  was found
15:19:15  INFO  tests.TestBase - registration with: email-> Frog15373@gmail.com and password-> Zat1537$
15:19:15  INFO  manager.MyListener - Start searching element with locator-->By.xpath: //a[@href='/login']
15:19:15  INFO  manager.MyListener - Element with locator-->By.xpath: //a[@href='/login']  was found
15:19:15  INFO  manager.MyListener - Start searching element with locator-->By.xpath: //*[@placeholder='Email']
15:19:15  INFO  manager.MyListener - Element with locator-->By.xpath: //*[@placeholder='Email']  was found
15:19:16  INFO  manager.MyListener - Start searching element with locator-->By.xpath: //*[@placeholder='Password']
15:19:16  INFO  manager.MyListener - Element with locator-->By.xpath: //*[@placeholder='Password']  was found
15:19:16  INFO  manager.MyListener - Start searching element with locator-->By.xpath: //*[text()=' Registration']
15:19:16  INFO  manager.MyListener - Element with locator-->By.xpath: //*[text()=' Registration']  was found
15:19:16  INFO  manager.MyListener - Start searching element with locator-->By.xpath: //*[text()='Sign Out']
15:19:16  INFO  manager.MyListener - Element with locator-->By.xpath: //*[text()='Sign Out']  was found
15:19:16  INFO  tests.TestBase - End of Test:  RegistrationPos
15:19:16  INFO  tests.TestBase - start test:  RegistrationPosModels
15:19:16  INFO  manager.MyListener - Start searching element with locator-->By.xpath: //*[text()='Sign Out']
15:19:16  INFO  manager.MyListener - Element with locator-->By.xpath: //*[text()='Sign Out']  was found
15:19:16  INFO  manager.MyListener - Start searching element with locator-->By.xpath: //button[text()='Sign Out']
15:19:16  INFO  manager.MyListener - Element with locator-->By.xpath: //button[text()='Sign Out']  was found
15:19:16  INFO  tests.TestBase - registration with: email-> UserO1121@gmail.com and password-> OlaMar345$
15:19:16  INFO  manager.MyListener - Start searching element with locator-->By.xpath: //a[@href='/login']
15:19:16  INFO  manager.MyListener - Element with locator-->By.xpath: //a[@href='/login']  was found
15:19:17  INFO  manager.MyListener - Start searching element with locator-->By.xpath: //*[@placeholder='Email']
15:19:17  INFO  manager.MyListener - Element with locator-->By.xpath: //*[@placeholder='Email']  was found
15:19:17  INFO  manager.MyListener - Start searching element with locator-->By.xpath: //*[@placeholder='Password']
15:19:17  INFO  manager.MyListener - Element with locator-->By.xpath: //*[@placeholder='Password']  was found
15:19:17  INFO  manager.MyListener - Start searching element with locator-->By.xpath: //*[text()=' Registration']
15:19:17  INFO  manager.MyListener - Element with locator-->By.xpath: //*[text()=' Registration']  was found
15:19:18  INFO  manager.MyListener - Start searching element with locator-->By.xpath: //*[text()='Sign Out']
15:19:18  INFO  manager.MyListener - Element with locator-->By.xpath: //*[text()='Sign Out']  was found
15:19:18  INFO  tests.TestBase - End of Test:  RegistrationPosModels
]]></system-out>
  <system-err><![CDATA[]]></system-err>
</testsuite>
