<?xml version="1.0" encoding="UTF-8"?>
<testsuite name="tests.AddNewContact" tests="1" skipped="0" failures="0" errors="0" timestamp="2022-05-17T11:07:22" hostname="DESKTOP-KF54E9L" time="3.922">
  <properties/>
  <testcase name="oneContactRemove" classname="tests.AddNewContact" time="3.922"/>
  <system-out><![CDATA[13
12
]]></system-out>
  <system-err><![CDATA[]]></system-err>
</testsuite>
