<?xml version="1.0" encoding="UTF-8"?>
<testsuite name="tests.Login" tests="4" skipped="0" failures="0" errors="0" timestamp="2022-05-11T08:04:25" hostname="DESKTOP-KF54E9L" time="48.381">
  <properties/>
  <testcase name="LoginNegEmail" classname="tests.Login" time="12.886"/>
  <testcase name="LoginNegPass" classname="tests.Login" time="11.878"/>
  <testcase name="LoginPos" classname="tests.Login" time="1.925"/>
  <testcase name="LoginPosModels" classname="tests.Login" time="1.474"/>
  <system-out><![CDATA[]]></system-out>
  <system-err><![CDATA[]]></system-err>
</testsuite>
