<?xml version="1.0" encoding="UTF-8"?>
<testsuite name="tests.AddNewContact" tests="8" skipped="0" failures="0" errors="0" timestamp="2022-06-12T14:04:40" hostname="DESKTOP-KF54E9L" time="46.43">
  <properties/>
  <testcase name="contactAddSuccess" classname="tests.AddNewContact" time="3.664"/>
  <testcase name="contactAddSuccess" classname="tests.AddNewContact" time="3.683"/>
  <testcase name="contactAddSuccess" classname="tests.AddNewContact" time="3.567"/>
  <testcase name="oneContactAdd" classname="tests.AddNewContact" time="4.772"/>
  <testcase name="oneContactRemove" classname="tests.AddNewContact" time="1.428"/>
  <testcase name="removeAllContacts" classname="tests.AddNewContact" time="16.686"/>
  <testcase name="removeContactByName" classname="tests.AddNewContact" time="0.088"/>
  <testcase name="removeOneContactWithDetails" classname="tests.AddNewContact" time="1.379"/>
  <system-out><![CDATA[17:04:28  INFO  manager.MyListener - Start searching element with locator-->By.xpath: //*[text()='Sign Out']
17:04:33  INFO  manager.MyListener - Element with locator-->By.xpath: //*[text()='Sign Out']  was found
17:04:33  INFO  manager.MyListener - Start searching element with locator-->By.xpath: //a[@href='/login']
17:04:33  INFO  manager.MyListener - Element with locator-->By.xpath: //a[@href='/login']  was found
17:04:34  INFO  manager.MyListener - Start searching element with locator-->By.xpath: //*[@placeholder='Email']
17:04:34  INFO  manager.MyListener - Element with locator-->By.xpath: //*[@placeholder='Email']  was found
17:04:34  INFO  manager.MyListener - Start searching element with locator-->By.xpath: //*[@placeholder='Password']
17:04:34  INFO  manager.MyListener - Element with locator-->By.xpath: //*[@placeholder='Password']  was found
17:04:35  INFO  manager.MyListener - Start searching element with locator-->By.xpath: //button[text()=' Login']
17:04:35  INFO  manager.MyListener - Element with locator-->By.xpath: //button[text()=' Login']  was found
17:04:35  INFO  tests.TestBase - start test:  contactAddSuccess
17:04:35  INFO  manager.MyListener - Start searching element with locator-->By.cssSelector: .contact-item_card__2SOIM
17:04:36  INFO  manager.MyListener - Element with locator-->By.cssSelector: .contact-item_card__2SOIM  was found
Total amount of contacts--->1
17:04:36  INFO  tests.TestBase - Test starts with contact--->Contact(name=Olala276, lastName=Ben, phone=+123333276, email=Rff276@gmail.com, address=Tel Aviv, description=Work contact)
17:04:36  INFO  manager.MyListener - Start searching element with locator-->By.xpath: //*[text()='ADD']
17:04:36  INFO  manager.MyListener - Element with locator-->By.xpath: //*[text()='ADD']  was found
17:04:36  INFO  manager.MyListener - Start searching element with locator-->By.cssSelector: input[placeholder ='Name']
17:04:36  INFO  manager.MyListener - Element with locator-->By.cssSelector: input[placeholder ='Name']  was found
17:04:37  INFO  manager.MyListener - Start searching element with locator-->By.cssSelector: input[placeholder ='Last Name']
17:04:37  INFO  manager.MyListener - Element with locator-->By.cssSelector: input[placeholder ='Last Name']  was found
17:04:37  INFO  manager.MyListener - Start searching element with locator-->By.cssSelector: input[placeholder ='Phone']
17:04:37  INFO  manager.MyListener - Element with locator-->By.cssSelector: input[placeholder ='Phone']  was found
17:04:38  INFO  manager.MyListener - Start searching element with locator-->By.cssSelector: input[placeholder ='email']
17:04:38  INFO  manager.MyListener - Element with locator-->By.cssSelector: input[placeholder ='email']  was found
17:04:38  INFO  manager.MyListener - Start searching element with locator-->By.cssSelector: input[placeholder ='Address']
17:04:38  INFO  manager.MyListener - Element with locator-->By.cssSelector: input[placeholder ='Address']  was found
17:04:39  INFO  manager.MyListener - Start searching element with locator-->By.cssSelector: input[placeholder ='description']
17:04:39  INFO  manager.MyListener - Element with locator-->By.cssSelector: input[placeholder ='description']  was found
17:04:39  INFO  manager.MyListener - Start searching element with locator-->By.cssSelector: div.add_form__2rsm2 :last-child
17:04:39  INFO  manager.MyListener - Element with locator-->By.cssSelector: div.add_form__2rsm2 :last-child  was found
17:04:39  INFO  manager.MyListener - Start searching element with locator-->By.cssSelector: .contact-item_card__2SOIM
17:04:40  INFO  manager.MyListener - Element with locator-->By.cssSelector: .contact-item_card__2SOIM  was found
17:04:40  INFO  manager.MyListener - Start searching element with locator-->By.tagName: h2
17:04:40  INFO  manager.MyListener - Element with locator-->By.tagName: h2  was found
17:04:40  INFO  manager.MyListener - Start searching element with locator-->By.tagName: h3
17:04:40  INFO  manager.MyListener - Element with locator-->By.tagName: h3  was found
New contact created with Name - Olala276 and with phone -+123333276
17:04:40  INFO  tests.TestBase - Test starts with contact--->Contact(name=Olala280, lastName=Ben, phone=+123333280, email=Rff280@gmail.com, address=Tel Aviv, description=Work contact)
17:04:40  INFO  manager.MyListener - Start searching element with locator-->By.xpath: //*[text()='ADD']
17:04:40  INFO  manager.MyListener - Element with locator-->By.xpath: //*[text()='ADD']  was found
17:04:40  INFO  manager.MyListener - Start searching element with locator-->By.cssSelector: input[placeholder ='Name']
17:04:40  INFO  manager.MyListener - Element with locator-->By.cssSelector: input[placeholder ='Name']  was found
17:04:41  INFO  manager.MyListener - Start searching element with locator-->By.cssSelector: input[placeholder ='Last Name']
17:04:41  INFO  manager.MyListener - Element with locator-->By.cssSelector: input[placeholder ='Last Name']  was found
17:04:41  INFO  manager.MyListener - Start searching element with locator-->By.cssSelector: input[placeholder ='Phone']
17:04:41  INFO  manager.MyListener - Element with locator-->By.cssSelector: input[placeholder ='Phone']  was found
17:04:42  INFO  manager.MyListener - Start searching element with locator-->By.cssSelector: input[placeholder ='email']
17:04:42  INFO  manager.MyListener - Element with locator-->By.cssSelector: input[placeholder ='email']  was found
17:04:42  INFO  manager.MyListener - Start searching element with locator-->By.cssSelector: input[placeholder ='Address']
17:04:42  INFO  manager.MyListener - Element with locator-->By.cssSelector: input[placeholder ='Address']  was found
17:04:42  INFO  manager.MyListener - Start searching element with locator-->By.cssSelector: input[placeholder ='description']
17:04:42  INFO  manager.MyListener - Element with locator-->By.cssSelector: input[placeholder ='description']  was found
17:04:43  INFO  manager.MyListener - Start searching element with locator-->By.cssSelector: div.add_form__2rsm2 :last-child
17:04:43  INFO  manager.MyListener - Element with locator-->By.cssSelector: div.add_form__2rsm2 :last-child  was found
17:04:43  INFO  manager.MyListener - Start searching element with locator-->By.cssSelector: .contact-item_card__2SOIM
17:04:43  INFO  manager.MyListener - Element with locator-->By.cssSelector: .contact-item_card__2SOIM  was found
17:04:44  INFO  manager.MyListener - Start searching element with locator-->By.tagName: h2
17:04:44  INFO  manager.MyListener - Element with locator-->By.tagName: h2  was found
17:04:44  INFO  manager.MyListener - Start searching element with locator-->By.tagName: h3
17:04:44  INFO  manager.MyListener - Element with locator-->By.tagName: h3  was found
New contact created with Name - Olala280 and with phone -+123333280
17:04:44  INFO  tests.TestBase - End of Test:  contactAddSuccess
17:04:44  INFO  tests.TestBase - start test:  contactAddSuccess
17:04:44  INFO  manager.MyListener - Start searching element with locator-->By.cssSelector: .contact-item_card__2SOIM
17:04:44  INFO  manager.MyListener - Element with locator-->By.cssSelector: .contact-item_card__2SOIM  was found
Total amount of contacts--->3
17:04:44  INFO  tests.TestBase - Test starts with contact--->Contact(name=Olala284, lastName=Ben, phone=+123333284, email=Rff284@gmail.com, address=Tel Aviv, description=Work contact)
17:04:44  INFO  manager.MyListener - Start searching element with locator-->By.xpath: //*[text()='ADD']
17:04:44  INFO  manager.MyListener - Element with locator-->By.xpath: //*[text()='ADD']  was found
17:04:44  INFO  manager.MyListener - Start searching element with locator-->By.cssSelector: input[placeholder ='Name']
17:04:44  INFO  manager.MyListener - Element with locator-->By.cssSelector: input[placeholder ='Name']  was found
17:04:44  INFO  manager.MyListener - Start searching element with locator-->By.cssSelector: input[placeholder ='Last Name']
17:04:44  INFO  manager.MyListener - Element with locator-->By.cssSelector: input[placeholder ='Last Name']  was found
17:04:45  INFO  manager.MyListener - Start searching element with locator-->By.cssSelector: input[placeholder ='Phone']
17:04:45  INFO  manager.MyListener - Element with locator-->By.cssSelector: input[placeholder ='Phone']  was found
17:04:45  INFO  manager.MyListener - Start searching element with locator-->By.cssSelector: input[placeholder ='email']
17:04:45  INFO  manager.MyListener - Element with locator-->By.cssSelector: input[placeholder ='email']  was found
17:04:46  INFO  manager.MyListener - Start searching element with locator-->By.cssSelector: input[placeholder ='Address']
17:04:46  INFO  manager.MyListener - Element with locator-->By.cssSelector: input[placeholder ='Address']  was found
17:04:46  INFO  manager.MyListener - Start searching element with locator-->By.cssSelector: input[placeholder ='description']
17:04:46  INFO  manager.MyListener - Element with locator-->By.cssSelector: input[placeholder ='description']  was found
17:04:47  INFO  manager.MyListener - Start searching element with locator-->By.cssSelector: div.add_form__2rsm2 :last-child
17:04:47  INFO  manager.MyListener - Element with locator-->By.cssSelector: div.add_form__2rsm2 :last-child  was found
17:04:47  INFO  manager.MyListener - Start searching element with locator-->By.cssSelector: .contact-item_card__2SOIM
17:04:47  INFO  manager.MyListener - Element with locator-->By.cssSelector: .contact-item_card__2SOIM  was found
17:04:47  INFO  manager.MyListener - Start searching element with locator-->By.tagName: h2
17:04:47  INFO  manager.MyListener - Element with locator-->By.tagName: h2  was found
17:04:47  INFO  manager.MyListener - Start searching element with locator-->By.tagName: h3
17:04:47  INFO  manager.MyListener - Element with locator-->By.tagName: h3  was found
New contact created with Name - Olala284 and with phone -+123333284
17:04:47  INFO  tests.TestBase - End of Test:  contactAddSuccess
17:04:47  INFO  tests.TestBase - start test:  contactAddSuccess
17:04:47  INFO  manager.MyListener - Start searching element with locator-->By.cssSelector: .contact-item_card__2SOIM
17:04:48  INFO  manager.MyListener - Element with locator-->By.cssSelector: .contact-item_card__2SOIM  was found
Total amount of contacts--->4
17:04:48  INFO  tests.TestBase - Test starts with contact--->Contact(name=Olala288, lastName=Ben, phone=+123333288, email=Rff288@gmail.com, address=Tel Aviv, description=Work contact)
17:04:48  INFO  manager.MyListener - Start searching element with locator-->By.xpath: //*[text()='ADD']
17:04:48  INFO  manager.MyListener - Element with locator-->By.xpath: //*[text()='ADD']  was found
17:04:48  INFO  manager.MyListener - Start searching element with locator-->By.cssSelector: input[placeholder ='Name']
17:04:48  INFO  manager.MyListener - Element with locator-->By.cssSelector: input[placeholder ='Name']  was found
17:04:48  INFO  manager.MyListener - Start searching element with locator-->By.cssSelector: input[placeholder ='Last Name']
17:04:48  INFO  manager.MyListener - Element with locator-->By.cssSelector: input[placeholder ='Last Name']  was found
17:04:48  INFO  manager.MyListener - Start searching element with locator-->By.cssSelector: input[placeholder ='Phone']
17:04:48  INFO  manager.MyListener - Element with locator-->By.cssSelector: input[placeholder ='Phone']  was found
17:04:49  INFO  manager.MyListener - Start searching element with locator-->By.cssSelector: input[placeholder ='email']
17:04:49  INFO  manager.MyListener - Element with locator-->By.cssSelector: input[placeholder ='email']  was found
17:04:49  INFO  manager.MyListener - Start searching element with locator-->By.cssSelector: input[placeholder ='Address']
17:04:49  INFO  manager.MyListener - Element with locator-->By.cssSelector: input[placeholder ='Address']  was found
17:04:50  INFO  manager.MyListener - Start searching element with locator-->By.cssSelector: input[placeholder ='description']
17:04:50  INFO  manager.MyListener - Element with locator-->By.cssSelector: input[placeholder ='description']  was found
17:04:50  INFO  manager.MyListener - Start searching element with locator-->By.cssSelector: div.add_form__2rsm2 :last-child
17:04:50  INFO  manager.MyListener - Element with locator-->By.cssSelector: div.add_form__2rsm2 :last-child  was found
17:04:50  INFO  manager.MyListener - Start searching element with locator-->By.cssSelector: .contact-item_card__2SOIM
17:04:51  INFO  manager.MyListener - Element with locator-->By.cssSelector: .contact-item_card__2SOIM  was found
17:04:51  INFO  manager.MyListener - Start searching element with locator-->By.tagName: h2
17:04:51  INFO  manager.MyListener - Element with locator-->By.tagName: h2  was found
17:04:51  INFO  manager.MyListener - Start searching element with locator-->By.tagName: h3
17:04:51  INFO  manager.MyListener - Element with locator-->By.tagName: h3  was found
New contact created with Name - Olala288 and with phone -+123333288
17:04:51  INFO  tests.TestBase - End of Test:  contactAddSuccess
17:04:51  INFO  tests.TestBase - start test:  oneContactAdd
17:04:51  INFO  manager.MyListener - Start searching element with locator-->By.cssSelector: .contact-item_card__2SOIM
17:04:51  INFO  manager.MyListener - Element with locator-->By.cssSelector: .contact-item_card__2SOIM  was found
Total amount of contacts--->5
17:04:51  INFO  manager.MyListener - Start searching element with locator-->By.cssSelector: .contact-item_card__2SOIM
17:04:51  INFO  manager.MyListener - Element with locator-->By.cssSelector: .contact-item_card__2SOIM  was found
Total amount of contacts--->5
17:04:51  INFO  tests.TestBase - Test'Add new contact' starts with count of contacts--->5
17:04:51  INFO  manager.MyListener - Start searching element with locator-->By.xpath: //*[text()='ADD']
17:04:51  INFO  manager.MyListener - Element with locator-->By.xpath: //*[text()='ADD']  was found
17:04:51  INFO  manager.MyListener - Start searching element with locator-->By.cssSelector: input[placeholder ='Name']
17:04:51  INFO  manager.MyListener - Element with locator-->By.cssSelector: input[placeholder ='Name']  was found
17:04:52  INFO  manager.MyListener - Start searching element with locator-->By.cssSelector: input[placeholder ='Last Name']
17:04:52  INFO  manager.MyListener - Element with locator-->By.cssSelector: input[placeholder ='Last Name']  was found
17:04:52  INFO  manager.MyListener - Start searching element with locator-->By.cssSelector: input[placeholder ='Phone']
17:04:52  INFO  manager.MyListener - Element with locator-->By.cssSelector: input[placeholder ='Phone']  was found
17:04:53  INFO  manager.MyListener - Start searching element with locator-->By.cssSelector: input[placeholder ='email']
17:04:53  INFO  manager.MyListener - Element with locator-->By.cssSelector: input[placeholder ='email']  was found
17:04:53  INFO  manager.MyListener - Start searching element with locator-->By.cssSelector: input[placeholder ='Address']
17:04:53  INFO  manager.MyListener - Element with locator-->By.cssSelector: input[placeholder ='Address']  was found
17:04:53  INFO  manager.MyListener - Start searching element with locator-->By.cssSelector: input[placeholder ='description']
17:04:53  INFO  manager.MyListener - Element with locator-->By.cssSelector: input[placeholder ='description']  was found
17:04:54  INFO  manager.MyListener - Start searching element with locator-->By.cssSelector: div.add_form__2rsm2 :last-child
17:04:54  INFO  manager.MyListener - Element with locator-->By.cssSelector: div.add_form__2rsm2 :last-child  was found
17:04:56  INFO  manager.MyListener - Start searching element with locator-->By.cssSelector: .contact-item_card__2SOIM
17:04:56  INFO  manager.MyListener - Element with locator-->By.cssSelector: .contact-item_card__2SOIM  was found
Total amount of contacts--->6
17:04:56  INFO  tests.TestBase - Test'Add new contact' ends with count of contacts--->6
17:04:56  INFO  tests.TestBase - End of Test:  oneContactAdd
17:04:56  INFO  tests.TestBase - start test:  oneContactRemove
17:04:56  INFO  manager.MyListener - Start searching element with locator-->By.cssSelector: .contact-item_card__2SOIM
17:04:56  INFO  manager.MyListener - Element with locator-->By.cssSelector: .contact-item_card__2SOIM  was found
Total amount of contacts--->6
17:04:56  INFO  manager.MyListener - Start searching element with locator-->By.cssSelector: .contact-item_card__2SOIM
17:04:56  INFO  manager.MyListener - Element with locator-->By.cssSelector: .contact-item_card__2SOIM  was found
Total amount of contacts--->6
17:04:56  INFO  tests.TestBase - Contact's list start with 6contacts
17:04:56  INFO  manager.MyListener - Start searching element with locator-->By.cssSelector: .contact-item_card__2SOIM
17:04:56  INFO  manager.MyListener - Element with locator-->By.cssSelector: .contact-item_card__2SOIM  was found
17:04:56  INFO  manager.MyListener - Start searching element with locator-->By.xpath: //*[text()='Remove']
17:04:56  INFO  manager.MyListener - Element with locator-->By.xpath: //*[text()='Remove']  was found
17:04:57  INFO  manager.MyListener - Start searching element with locator-->By.cssSelector: .contact-item_card__2SOIM
17:04:57  INFO  manager.MyListener - Element with locator-->By.cssSelector: .contact-item_card__2SOIM  was found
Total amount of contacts--->5
17:04:57  INFO  tests.TestBase - Contact's list ends with 5contacts
17:04:57  INFO  tests.TestBase - End of Test:  oneContactRemove
17:04:57  INFO  tests.TestBase - start test:  removeAllContacts
17:04:57  INFO  manager.MyListener - Start searching element with locator-->By.cssSelector: .contact-item_card__2SOIM
17:04:57  INFO  manager.MyListener - Element with locator-->By.cssSelector: .contact-item_card__2SOIM  was found
Total amount of contacts--->5
17:04:57  INFO  manager.MyListener - Start searching element with locator-->By.cssSelector: .contact-item_card__2SOIM
17:04:57  INFO  manager.MyListener - Element with locator-->By.cssSelector: .contact-item_card__2SOIM  was found
17:04:57  INFO  manager.MyListener - Start searching element with locator-->By.cssSelector: .contact-item_card__2SOIM
17:04:57  INFO  manager.MyListener - Element with locator-->By.cssSelector: .contact-item_card__2SOIM  was found
17:04:58  INFO  manager.MyListener - Start searching element with locator-->By.xpath: //*[text()='Remove']
17:04:58  INFO  manager.MyListener - Element with locator-->By.xpath: //*[text()='Remove']  was found
17:04:59  INFO  manager.MyListener - Start searching element with locator-->By.cssSelector: .contact-item_card__2SOIM
17:04:59  INFO  manager.MyListener - Element with locator-->By.cssSelector: .contact-item_card__2SOIM  was found
17:04:59  INFO  manager.MyListener - Start searching element with locator-->By.cssSelector: .contact-item_card__2SOIM
17:04:59  INFO  manager.MyListener - Element with locator-->By.cssSelector: .contact-item_card__2SOIM  was found
17:04:59  INFO  manager.MyListener - Start searching element with locator-->By.xpath: //*[text()='Remove']
17:04:59  INFO  manager.MyListener - Element with locator-->By.xpath: //*[text()='Remove']  was found
17:05:00  INFO  manager.MyListener - Start searching element with locator-->By.cssSelector: .contact-item_card__2SOIM
17:05:00  INFO  manager.MyListener - Element with locator-->By.cssSelector: .contact-item_card__2SOIM  was found
17:05:00  INFO  manager.MyListener - Start searching element with locator-->By.cssSelector: .contact-item_card__2SOIM
17:05:00  INFO  manager.MyListener - Element with locator-->By.cssSelector: .contact-item_card__2SOIM  was found
17:05:00  INFO  manager.MyListener - Start searching element with locator-->By.xpath: //*[text()='Remove']
17:05:00  INFO  manager.MyListener - Element with locator-->By.xpath: //*[text()='Remove']  was found
17:05:01  INFO  manager.MyListener - Start searching element with locator-->By.cssSelector: .contact-item_card__2SOIM
17:05:01  INFO  manager.MyListener - Element with locator-->By.cssSelector: .contact-item_card__2SOIM  was found
17:05:01  INFO  manager.MyListener - Start searching element with locator-->By.cssSelector: .contact-item_card__2SOIM
17:05:01  INFO  manager.MyListener - Element with locator-->By.cssSelector: .contact-item_card__2SOIM  was found
17:05:02  INFO  manager.MyListener - Start searching element with locator-->By.xpath: //*[text()='Remove']
17:05:02  INFO  manager.MyListener - Element with locator-->By.xpath: //*[text()='Remove']  was found
17:05:03  INFO  manager.MyListener - Start searching element with locator-->By.cssSelector: .contact-item_card__2SOIM
17:05:03  INFO  manager.MyListener - Element with locator-->By.cssSelector: .contact-item_card__2SOIM  was found
17:05:03  INFO  manager.MyListener - Start searching element with locator-->By.cssSelector: .contact-item_card__2SOIM
17:05:03  INFO  manager.MyListener - Element with locator-->By.cssSelector: .contact-item_card__2SOIM  was found
17:05:03  INFO  manager.MyListener - Start searching element with locator-->By.xpath: //*[text()='Remove']
17:05:03  INFO  manager.MyListener - Element with locator-->By.xpath: //*[text()='Remove']  was found
17:05:04  INFO  manager.MyListener - Start searching element with locator-->By.cssSelector: .contact-item_card__2SOIM
17:05:09  INFO  manager.MyListener - Element with locator-->By.cssSelector: .contact-item_card__2SOIM  was found
17:05:09  INFO  manager.MyListener - Start searching element with locator-->By.cssSelector: .contact-item_card__2SOIM
17:05:14  INFO  manager.MyListener - Element with locator-->By.cssSelector: .contact-item_card__2SOIM  was found
17:05:14  INFO  tests.TestBase - End of Test:  removeAllContacts
17:05:14  INFO  tests.TestBase - start test:  removeContactByName
17:05:14  INFO  manager.MyListener - Start searching element with locator-->By.cssSelector: .contact-item_card__2SOIM
17:05:19  INFO  manager.MyListener - Element with locator-->By.cssSelector: .contact-item_card__2SOIM  was found
Total amount of contacts--->0
17:05:19  INFO  tests.TestBase - Test starts with contact--->Contact(name=Olala319, lastName=Ben, phone=+123333319, email=Rff319@gmail.com, address=Tel Aviv, description=Work contact)
17:05:19  INFO  manager.MyListener - Start searching element with locator-->By.xpath: //*[text()='ADD']
17:05:19  INFO  manager.MyListener - Element with locator-->By.xpath: //*[text()='ADD']  was found
17:05:19  INFO  manager.MyListener - Start searching element with locator-->By.cssSelector: input[placeholder ='Name']
17:05:19  INFO  manager.MyListener - Element with locator-->By.cssSelector: input[placeholder ='Name']  was found
17:05:20  INFO  manager.MyListener - Start searching element with locator-->By.cssSelector: input[placeholder ='Last Name']
17:05:20  INFO  manager.MyListener - Element with locator-->By.cssSelector: input[placeholder ='Last Name']  was found
17:05:20  INFO  manager.MyListener - Start searching element with locator-->By.cssSelector: input[placeholder ='Phone']
17:05:20  INFO  manager.MyListener - Element with locator-->By.cssSelector: input[placeholder ='Phone']  was found
17:05:20  INFO  manager.MyListener - Start searching element with locator-->By.cssSelector: input[placeholder ='email']
17:05:20  INFO  manager.MyListener - Element with locator-->By.cssSelector: input[placeholder ='email']  was found
17:05:21  INFO  manager.MyListener - Start searching element with locator-->By.cssSelector: input[placeholder ='Address']
17:05:21  INFO  manager.MyListener - Element with locator-->By.cssSelector: input[placeholder ='Address']  was found
17:05:21  INFO  manager.MyListener - Start searching element with locator-->By.cssSelector: input[placeholder ='description']
17:05:21  INFO  manager.MyListener - Element with locator-->By.cssSelector: input[placeholder ='description']  was found
17:05:21  INFO  manager.MyListener - Start searching element with locator-->By.cssSelector: div.add_form__2rsm2 :last-child
17:05:21  INFO  manager.MyListener - Element with locator-->By.cssSelector: div.add_form__2rsm2 :last-child  was found
17:05:22  INFO  manager.MyListener - Start searching element with locator-->By.cssSelector: .contact-item_card__2SOIM
17:05:22  INFO  manager.MyListener - Element with locator-->By.cssSelector: .contact-item_card__2SOIM  was found
17:05:22  INFO  manager.MyListener - Start searching element with locator-->By.tagName: h2
17:05:22  INFO  manager.MyListener - Element with locator-->By.tagName: h2  was found
17:05:22  INFO  manager.MyListener - Start searching element with locator-->By.tagName: h3
17:05:22  INFO  manager.MyListener - Element with locator-->By.tagName: h3  was found
New contact created with Name - Olala319 and with phone -+123333319
17:05:22  INFO  tests.TestBase - Contact to be deleted has name--->Ivan259
17:05:22  INFO  manager.MyListener - Start searching element with locator-->By.cssSelector: .contact-item_card__2SOIM h2
17:05:22  INFO  manager.MyListener - Element with locator-->By.cssSelector: .contact-item_card__2SOIM h2  was found
17:05:22  INFO  manager.MyListener - Start searching element with locator-->By.cssSelector: .contact-item_card__2SOIM h2
17:05:22  INFO  manager.MyListener - Element with locator-->By.cssSelector: .contact-item_card__2SOIM h2  was found
17:05:22  INFO  manager.HelperBase - Contact was deleted
17:05:22  INFO  tests.TestBase - End of Test:  removeContactByName
17:05:22  INFO  tests.TestBase - start test:  removeOneContactWithDetails
17:05:22  INFO  manager.MyListener - Start searching element with locator-->By.cssSelector: .contact-item_card__2SOIM
17:05:22  INFO  manager.MyListener - Element with locator-->By.cssSelector: .contact-item_card__2SOIM  was found
Total amount of contacts--->1
17:05:22  INFO  tests.TestBase - Test starts with contact--->Contact(name=Olala322, lastName=Ben, phone=+123333322, email=Rff322@gmail.com, address=Tel Aviv, description=Work contact)
17:05:22  INFO  manager.MyListener - Start searching element with locator-->By.xpath: //*[text()='ADD']
17:05:22  INFO  manager.MyListener - Element with locator-->By.xpath: //*[text()='ADD']  was found
17:05:22  INFO  manager.MyListener - Start searching element with locator-->By.cssSelector: input[placeholder ='Name']
17:05:22  INFO  manager.MyListener - Element with locator-->By.cssSelector: input[placeholder ='Name']  was found
17:05:23  INFO  manager.MyListener - Start searching element with locator-->By.cssSelector: input[placeholder ='Last Name']
17:05:23  INFO  manager.MyListener - Element with locator-->By.cssSelector: input[placeholder ='Last Name']  was found
17:05:23  INFO  manager.MyListener - Start searching element with locator-->By.cssSelector: input[placeholder ='Phone']
17:05:23  INFO  manager.MyListener - Element with locator-->By.cssSelector: input[placeholder ='Phone']  was found
17:05:23  INFO  manager.MyListener - Start searching element with locator-->By.cssSelector: input[placeholder ='email']
17:05:23  INFO  manager.MyListener - Element with locator-->By.cssSelector: input[placeholder ='email']  was found
17:05:24  INFO  manager.MyListener - Start searching element with locator-->By.cssSelector: input[placeholder ='Address']
17:05:24  INFO  manager.MyListener - Element with locator-->By.cssSelector: input[placeholder ='Address']  was found
17:05:24  INFO  manager.MyListener - Start searching element with locator-->By.cssSelector: input[placeholder ='description']
17:05:24  INFO  manager.MyListener - Element with locator-->By.cssSelector: input[placeholder ='description']  was found
17:05:24  INFO  manager.MyListener - Start searching element with locator-->By.cssSelector: div.add_form__2rsm2 :last-child
17:05:24  INFO  manager.MyListener - Element with locator-->By.cssSelector: div.add_form__2rsm2 :last-child  was found
17:05:25  INFO  manager.MyListener - Start searching element with locator-->By.cssSelector: .contact-item_card__2SOIM
17:05:25  INFO  manager.MyListener - Element with locator-->By.cssSelector: .contact-item_card__2SOIM  was found
17:05:25  INFO  manager.MyListener - Start searching element with locator-->By.tagName: h2
17:05:25  INFO  manager.MyListener - Element with locator-->By.tagName: h2  was found
17:05:25  INFO  manager.MyListener - Start searching element with locator-->By.tagName: h3
17:05:25  INFO  manager.MyListener - Element with locator-->By.tagName: h3  was found
New contact created with Name - Olala322 and with phone -+123333322
17:05:25  INFO  manager.MyListener - Start searching element with locator-->By.cssSelector: .contact-item_card__2SOIM
17:05:25  INFO  manager.MyListener - Element with locator-->By.cssSelector: .contact-item_card__2SOIM  was found
Total amount of contacts--->2
17:05:25  INFO  tests.TestBase - Contact's list starts with 2contacts
17:05:25  INFO  manager.MyListener - Start searching element with locator-->By.cssSelector: .contact-item_card__2SOIM h3
17:05:25  INFO  manager.MyListener - Element with locator-->By.cssSelector: .contact-item_card__2SOIM h3  was found
17:05:25  INFO  manager.MyListener - Start searching element with locator-->By.cssSelector: .contact-item_card__2SOIM
17:05:25  INFO  manager.MyListener - Element with locator-->By.cssSelector: .contact-item_card__2SOIM  was found
17:05:25  INFO  manager.HelperBase - Deleted contact has phone number = +123333319
17:05:25  INFO  manager.MyListener - Start searching element with locator-->By.xpath: //*[text()='Remove']
17:05:25  INFO  manager.MyListener - Element with locator-->By.xpath: //*[text()='Remove']  was found
17:05:26  INFO  manager.MyListener - Start searching element with locator-->By.cssSelector: .contact-item_card__2SOIM
17:05:26  INFO  manager.MyListener - Element with locator-->By.cssSelector: .contact-item_card__2SOIM  was found
Total amount of contacts--->1
17:05:26  INFO  tests.TestBase - Contact's list ends with 1contacts
17:05:26  INFO  tests.TestBase - End of Test:  removeOneContactWithDetails
]]></system-out>
  <system-err><![CDATA[]]></system-err>
</testsuite>
