<?xml version="1.0" encoding="UTF-8"?>
<testsuite name="tests.Registration" tests="1" skipped="0" failures="0" errors="0" timestamp="2022-05-05T17:12:32" hostname="ARTEMKA" time="1.065">
  <properties/>
  <testcase name="RegistrationFailEmail" classname="tests.Registration" time="1.065"/>
  <system-out><![CDATA[Email: UserM739gmail.com
]]></system-out>
  <system-err><![CDATA[]]></system-err>
</testsuite>
