<?xml version="1.0" encoding="UTF-8"?>
<testsuite name="tests.Login" tests="4" skipped="0" failures="0" errors="0" timestamp="2022-06-12T14:05:27" hostname="DESKTOP-KF54E9L" time="21.463">
  <properties/>
  <testcase name="LoginNegEmail" classname="tests.Login" time="6.691"/>
  <testcase name="LoginNegPass" classname="tests.Login" time="1.674"/>
  <testcase name="LoginPos" classname="tests.Login" time="1.43"/>
  <testcase name="LoginPosModels" classname="tests.Login" time="1.3"/>
  <system-out><![CDATA[17:05:26  INFO  tests.TestBase - start test:  LoginNegEmail
17:05:26  INFO  manager.MyListener - Start searching element with locator-->By.xpath: //*[text()='Sign Out']
17:05:27  INFO  manager.MyListener - Element with locator-->By.xpath: //*[text()='Sign Out']  was found
17:05:27  INFO  manager.MyListener - Start searching element with locator-->By.xpath: //button[text()='Sign Out']
17:05:27  INFO  manager.MyListener - Element with locator-->By.xpath: //button[text()='Sign Out']  was found
17:05:27  INFO  manager.MyListener - Start searching element with locator-->By.xpath: //a[@href='/login']
17:05:27  INFO  manager.MyListener - Element with locator-->By.xpath: //a[@href='/login']  was found
17:05:27  INFO  manager.MyListener - Start searching element with locator-->By.xpath: //*[@placeholder='Email']
17:05:27  INFO  manager.MyListener - Element with locator-->By.xpath: //*[@placeholder='Email']  was found
17:05:27  INFO  manager.MyListener - Start searching element with locator-->By.xpath: //*[@placeholder='Password']
17:05:27  INFO  manager.MyListener - Element with locator-->By.xpath: //*[@placeholder='Password']  was found
17:05:28  INFO  manager.MyListener - Start searching element with locator-->By.xpath: //button[text()=' Login']
17:05:28  INFO  manager.MyListener - Element with locator-->By.xpath: //button[text()=' Login']  was found
17:05:28  INFO  manager.MyListener - Start searching element with locator-->By.xpath: //*[text()='Sign Out']
17:05:33  INFO  manager.MyListener - Element with locator-->By.xpath: //*[text()='Sign Out']  was found
17:05:33  INFO  tests.TestBase - End of Test:  LoginNegEmail
17:05:33  INFO  tests.TestBase - start test:  LoginNegPass
17:05:33  INFO  manager.MyListener - Start searching element with locator-->By.xpath: //*[text()='Sign Out']
17:05:38  INFO  manager.MyListener - Element with locator-->By.xpath: //*[text()='Sign Out']  was found
17:05:38  INFO  manager.MyListener - Start searching element with locator-->By.xpath: //a[@href='/login']
17:05:39  INFO  manager.MyListener - Element with locator-->By.xpath: //a[@href='/login']  was found
17:05:39  INFO  manager.MyListener - Start searching element with locator-->By.xpath: //*[@placeholder='Email']
17:05:39  INFO  manager.MyListener - Element with locator-->By.xpath: //*[@placeholder='Email']  was found
17:05:39  INFO  manager.MyListener - Start searching element with locator-->By.xpath: //*[@placeholder='Password']
17:05:39  INFO  manager.MyListener - Element with locator-->By.xpath: //*[@placeholder='Password']  was found
17:05:39  INFO  manager.MyListener - Start searching element with locator-->By.xpath: //button[text()=' Login']
17:05:40  INFO  manager.MyListener - Element with locator-->By.xpath: //button[text()=' Login']  was found
17:05:40  INFO  tests.TestBase - End of Test:  LoginNegPass
17:05:40  INFO  tests.TestBase - start test:  LoginPos
17:05:40  INFO  manager.MyListener - Start searching element with locator-->By.xpath: //*[text()='Sign Out']
17:05:45  INFO  manager.MyListener - Element with locator-->By.xpath: //*[text()='Sign Out']  was found
17:05:45  INFO  tests.TestBase - Login with data: -->UserM624@gmail.com; OlaMar345$
17:05:45  INFO  manager.MyListener - Start searching element with locator-->By.xpath: //a[@href='/login']
17:05:45  INFO  manager.MyListener - Element with locator-->By.xpath: //a[@href='/login']  was found
17:05:45  INFO  manager.MyListener - Start searching element with locator-->By.xpath: //*[@placeholder='Email']
17:05:45  INFO  manager.MyListener - Element with locator-->By.xpath: //*[@placeholder='Email']  was found
17:05:46  INFO  manager.MyListener - Start searching element with locator-->By.xpath: //*[@placeholder='Password']
17:05:46  INFO  manager.MyListener - Element with locator-->By.xpath: //*[@placeholder='Password']  was found
17:05:46  INFO  manager.MyListener - Start searching element with locator-->By.xpath: //button[text()=' Login']
17:05:46  INFO  manager.MyListener - Element with locator-->By.xpath: //button[text()=' Login']  was found
17:05:46  INFO  manager.MyListener - Start searching element with locator-->By.xpath: //*[text()='Sign Out']
17:05:47  INFO  manager.MyListener - Element with locator-->By.xpath: //*[text()='Sign Out']  was found
17:05:47  INFO  tests.TestBase - Test finished --> Success
17:05:47  INFO  tests.TestBase - End of Test:  LoginPos
17:05:47  INFO  tests.TestBase - start test:  LoginPosModels
17:05:47  INFO  manager.MyListener - Start searching element with locator-->By.xpath: //*[text()='Sign Out']
17:05:47  INFO  manager.MyListener - Element with locator-->By.xpath: //*[text()='Sign Out']  was found
17:05:47  INFO  manager.MyListener - Start searching element with locator-->By.xpath: //button[text()='Sign Out']
17:05:47  INFO  manager.MyListener - Element with locator-->By.xpath: //button[text()='Sign Out']  was found
17:05:47  INFO  manager.MyListener - Start searching element with locator-->By.xpath: //a[@href='/login']
17:05:47  INFO  manager.MyListener - Element with locator-->By.xpath: //a[@href='/login']  was found
17:05:47  INFO  manager.MyListener - Start searching element with locator-->By.xpath: //*[@placeholder='Email']
17:05:47  INFO  manager.MyListener - Element with locator-->By.xpath: //*[@placeholder='Email']  was found
17:05:47  INFO  manager.MyListener - Start searching element with locator-->By.xpath: //*[@placeholder='Password']
17:05:48  INFO  manager.MyListener - Element with locator-->By.xpath: //*[@placeholder='Password']  was found
17:05:48  INFO  manager.MyListener - Start searching element with locator-->By.xpath: //button[text()=' Login']
17:05:48  INFO  manager.MyListener - Element with locator-->By.xpath: //button[text()=' Login']  was found
17:05:48  INFO  manager.MyListener - Start searching element with locator-->By.xpath: //*[text()='Sign Out']
17:05:48  INFO  manager.MyListener - Element with locator-->By.xpath: //*[text()='Sign Out']  was found
17:05:48  INFO  tests.TestBase - End of Test:  LoginPosModels
]]></system-out>
  <system-err><![CDATA[]]></system-err>
</testsuite>
