<?xml version="1.0" encoding="UTF-8"?>
<testsuite name="tests.Registration" tests="1" skipped="0" failures="0" errors="0" timestamp="2022-04-28T17:53:24" hostname="DESKTOP-KF54E9L" time="2.275">
  <properties/>
  <testcase name="RegistrationPos" classname="tests.Registration" time="2.275"/>
  <system-out><![CDATA[Email: UserM3204@gmail.com
]]></system-out>
  <system-err><![CDATA[]]></system-err>
</testsuite>
