<?xml version="1.0" encoding="UTF-8"?>
<testsuite name="tests.Registration" tests="1" skipped="0" failures="0" errors="0" timestamp="2022-05-04T14:30:19" hostname="ARTEMKA" time="1.017">
  <properties/>
  <testcase name="RegistrationFailExistUser" classname="tests.Registration" time="1.017"/>
  <system-out><![CDATA[Email: UserM624@gmail.com
]]></system-out>
  <system-err><![CDATA[]]></system-err>
</testsuite>
