<?xml version="1.0" encoding="UTF-8"?>
<testsuite name="tests.Registration" tests="5" skipped="0" failures="1" errors="0" timestamp="2022-06-01T15:06:21" hostname="DESKTOP-KF54E9L" time="37.399">
  <properties/>
  <testcase name="RegistrationFailEmail" classname="tests.Registration" time="4.259"/>
  <testcase name="RegistrationFailExistUser" classname="tests.Registration" time="2.321"/>
  <testcase name="RegistrationFailPassword" classname="tests.Registration" time="2.175"/>
  <testcase name="RegistrationPos" classname="tests.Registration" time="6.729">
    <failure message="org.openqa.selenium.NoSuchElementException: no such element: Unable to locate element: {&quot;method&quot;:&quot;xpath&quot;,&quot;selector&quot;:&quot;//*[@placeholder='Passwor']&quot;}&#10;  (Session info: chrome=101.0.4951.67)&#10;For documentation on this error, please visit: https://www.seleniumhq.org/exceptions/no_such_element.html&#10;Build info: version: '3.141.59', revision: 'e82be7d358', time: '2018-11-14T08:17:03'&#10;System info: host: 'DESKTOP-KF54E9L', ip: '192.168.42.124', os.name: 'Windows 10', os.arch: 'amd64', os.version: '10.0', java.version: '1.8.0_321'&#10;Driver info: org.openqa.selenium.chrome.ChromeDriver&#10;Capabilities {acceptInsecureCerts: false, browserName: chrome, browserVersion: 101.0.4951.67, chrome: {chromedriverVersion: 101.0.4951.41 (93c720db8323..., userDataDir: C:\Users\Olga\AppData\Local...}, goog:chromeOptions: {debuggerAddress: localhost:51316}, javascriptEnabled: true, networkConnectionEnabled: false, pageLoadStrategy: normal, platform: WINDOWS, platformName: WINDOWS, proxy: Proxy(), setWindowRect: true, strictFileInteractability: false, timeouts: {implicit: 0, pageLoad: 300000, script: 30000}, unhandledPromptBehavior: dismiss and notify, webauthn:extension:credBlob: true, webauthn:extension:largeBlob: true, webauthn:virtualAuthenticators: true}&#10;Session ID: 2cdd775ba8ea4b487dda55c9aa057e67&#10;*** Element info: {Using=xpath, value=//*[@placeholder='Passwor']}" type="org.openqa.selenium.NoSuchElementException">org.openqa.selenium.NoSuchElementException: no such element: Unable to locate element: {&quot;method&quot;:&quot;xpath&quot;,&quot;selector&quot;:&quot;//*[@placeholder='Passwor']&quot;}
  (Session info: chrome=101.0.4951.67)
For documentation on this error, please visit: https://www.seleniumhq.org/exceptions/no_such_element.html
Build info: version: '3.141.59', revision: 'e82be7d358', time: '2018-11-14T08:17:03'
System info: host: 'DESKTOP-KF54E9L', ip: '192.168.42.124', os.name: 'Windows 10', os.arch: 'amd64', os.version: '10.0', java.version: '1.8.0_321'
Driver info: org.openqa.selenium.chrome.ChromeDriver
Capabilities {acceptInsecureCerts: false, browserName: chrome, browserVersion: 101.0.4951.67, chrome: {chromedriverVersion: 101.0.4951.41 (93c720db8323..., userDataDir: C:\Users\Olga\AppData\Local...}, goog:chromeOptions: {debuggerAddress: localhost:51316}, javascriptEnabled: true, networkConnectionEnabled: false, pageLoadStrategy: normal, platform: WINDOWS, platformName: WINDOWS, proxy: Proxy(), setWindowRect: true, strictFileInteractability: false, timeouts: {implicit: 0, pageLoad: 300000, script: 30000}, unhandledPromptBehavior: dismiss and notify, webauthn:extension:credBlob: true, webauthn:extension:largeBlob: true, webauthn:virtualAuthenticators: true}
Session ID: 2cdd775ba8ea4b487dda55c9aa057e67
*** Element info: {Using=xpath, value=//*[@placeholder='Passwor']}
	at manager.MyListener.onException(MyListener.java:37)
	at sun.reflect.NativeMethodAccessorImpl.invoke0(Native Method)
	at sun.reflect.NativeMethodAccessorImpl.invoke(NativeMethodAccessorImpl.java:62)
	at sun.reflect.DelegatingMethodAccessorImpl.invoke(DelegatingMethodAccessorImpl.java:43)
	at java.lang.reflect.Method.invoke(Method.java:498)
	at org.openqa.selenium.support.events.EventFiringWebDriver.lambda$new$0(EventFiringWebDriver.java:84)
	at com.sun.proxy.$Proxy10.onException(Unknown Source)
	at org.openqa.selenium.support.events.EventFiringWebDriver.lambda$new$1(EventFiringWebDriver.java:107)
	at com.sun.proxy.$Proxy11.findElement(Unknown Source)
	at org.openqa.selenium.support.events.EventFiringWebDriver.findElement(EventFiringWebDriver.java:194)
	at manager.HelperBase.type(HelperBase.java:27)
	at manager.HelperRegistration.fillRegisForm(HelperRegistration.java:25)
	at tests.Registration.RegistrationPos(Registration.java:26)
	at sun.reflect.NativeMethodAccessorImpl.invoke0(Native Method)
	at sun.reflect.NativeMethodAccessorImpl.invoke(NativeMethodAccessorImpl.java:62)
	at sun.reflect.DelegatingMethodAccessorImpl.invoke(DelegatingMethodAccessorImpl.java:43)
	at java.lang.reflect.Method.invoke(Method.java:498)
	at org.testng.internal.MethodInvocationHelper.invokeMethod(MethodInvocationHelper.java:133)
	at org.testng.internal.TestInvoker.invokeMethod(TestInvoker.java:598)
	at org.testng.internal.TestInvoker.invokeTestMethod(TestInvoker.java:173)
	at org.testng.internal.MethodRunner.runInSequence(MethodRunner.java:46)
	at org.testng.internal.TestInvoker$MethodInvocationAgent.invoke(TestInvoker.java:824)
	at org.testng.internal.TestInvoker.invokeTestMethods(TestInvoker.java:146)
	at org.testng.internal.TestMethodWorker.invokeTestMethods(TestMethodWorker.java:146)
	at org.testng.internal.TestMethodWorker.run(TestMethodWorker.java:128)
	at java.util.ArrayList.forEach(ArrayList.java:1259)
	at org.testng.TestRunner.privateRun(TestRunner.java:794)
	at org.testng.TestRunner.run(TestRunner.java:596)
	at org.testng.SuiteRunner.runTest(SuiteRunner.java:377)
	at org.testng.SuiteRunner.runSequentially(SuiteRunner.java:371)
	at org.testng.SuiteRunner.privateRun(SuiteRunner.java:332)
	at org.testng.SuiteRunner.run(SuiteRunner.java:276)
	at org.testng.SuiteRunnerWorker.runSuite(SuiteRunnerWorker.java:53)
	at org.testng.SuiteRunnerWorker.run(SuiteRunnerWorker.java:96)
	at org.testng.TestNG.runSuitesSequentially(TestNG.java:1212)
	at org.testng.TestNG.runSuitesLocally(TestNG.java:1134)
	at org.testng.TestNG.runSuites(TestNG.java:1063)
	at org.testng.TestNG.run(TestNG.java:1031)
	at org.gradle.api.internal.tasks.testing.testng.TestNGTestClassProcessor.runTests(TestNGTestClassProcessor.java:141)
	at org.gradle.api.internal.tasks.testing.testng.TestNGTestClassProcessor.stop(TestNGTestClassProcessor.java:90)
	at org.gradle.api.internal.tasks.testing.SuiteTestClassProcessor.stop(SuiteTestClassProcessor.java:61)
	at sun.reflect.NativeMethodAccessorImpl.invoke0(Native Method)
	at sun.reflect.NativeMethodAccessorImpl.invoke(NativeMethodAccessorImpl.java:62)
	at sun.reflect.DelegatingMethodAccessorImpl.invoke(DelegatingMethodAccessorImpl.java:43)
	at java.lang.reflect.Method.invoke(Method.java:498)
	at org.gradle.internal.dispatch.ReflectionDispatch.dispatch(ReflectionDispatch.java:36)
	at org.gradle.internal.dispatch.ReflectionDispatch.dispatch(ReflectionDispatch.java:24)
	at org.gradle.internal.dispatch.ContextClassLoaderDispatch.dispatch(ContextClassLoaderDispatch.java:33)
	at org.gradle.internal.dispatch.ProxyDispatchAdapter$DispatchingInvocationHandler.invoke(ProxyDispatchAdapter.java:94)
	at com.sun.proxy.$Proxy2.stop(Unknown Source)
	at org.gradle.api.internal.tasks.testing.worker.TestWorker$3.run(TestWorker.java:193)
	at org.gradle.api.internal.tasks.testing.worker.TestWorker.executeAndMaintainThreadName(TestWorker.java:129)
	at org.gradle.api.internal.tasks.testing.worker.TestWorker.execute(TestWorker.java:100)
	at org.gradle.api.internal.tasks.testing.worker.TestWorker.execute(TestWorker.java:60)
	at org.gradle.process.internal.worker.child.ActionExecutionWorker.execute(ActionExecutionWorker.java:56)
	at org.gradle.process.internal.worker.child.SystemApplicationClassLoaderWorker.call(SystemApplicationClassLoaderWorker.java:133)
	at org.gradle.process.internal.worker.child.SystemApplicationClassLoaderWorker.call(SystemApplicationClassLoaderWorker.java:71)
	at worker.org.gradle.process.internal.worker.GradleWorkerMain.run(GradleWorkerMain.java:69)
	at worker.org.gradle.process.internal.worker.GradleWorkerMain.main(GradleWorkerMain.java:74)
</failure>
  </testcase>
  <testcase name="RegistrationPosModels" classname="tests.Registration" time="1.59"/>
  <system-out><![CDATA[18:06:16  INFO  tests.TestBase - start test:  RegistrationFailEmail
18:06:16  INFO  manager.MyListener - Start searching element with locator-->By.xpath: //*[text()='Sign Out']
18:06:21  INFO  manager.MyListener - Element with locator-->By.xpath: //*[text()='Sign Out']  was found
18:06:21  INFO  tests.TestBase - registration with: email-> UserM364gmail.com and password-> OlaMar345$
18:06:21  INFO  manager.MyListener - Start searching element with locator-->By.xpath: //a[@href='/login']
18:06:21  INFO  manager.MyListener - Element with locator-->By.xpath: //a[@href='/login']  was found
18:06:22  INFO  manager.MyListener - Start searching element with locator-->By.xpath: //*[@placeholder='Email']
18:06:22  INFO  manager.MyListener - Element with locator-->By.xpath: //*[@placeholder='Email']  was found
18:06:23  INFO  manager.MyListener - Start searching element with locator-->By.xpath: //*[@placeholder='Password']
18:06:23  INFO  manager.MyListener - Element with locator-->By.xpath: //*[@placeholder='Password']  was found
18:06:24  INFO  manager.MyListener - Start searching element with locator-->By.xpath: //*[text()=' Registration']
18:06:24  INFO  manager.MyListener - Element with locator-->By.xpath: //*[text()=' Registration']  was found
18:06:25  INFO  manager.MyListener - Start searching element with locator-->By.cssSelector: div.login_login__3EHKB :first-child
18:06:25  INFO  manager.MyListener - Element with locator-->By.cssSelector: div.login_login__3EHKB :first-child  was found
Code of failure: - Registration failed with code 400
18:06:26  INFO  tests.TestBase - End of Test:  RegistrationFailEmail
18:06:26  INFO  tests.TestBase - start test:  RegistrationFailExistUser
18:06:26  INFO  manager.MyListener - Start searching element with locator-->By.xpath: //*[text()='Sign Out']
18:06:31  INFO  manager.MyListener - Element with locator-->By.xpath: //*[text()='Sign Out']  was found
18:06:31  INFO  tests.TestBase - registration with: email-> UserM624@gmail.com and password-> OlaMar345$
18:06:31  INFO  manager.MyListener - Start searching element with locator-->By.xpath: //a[@href='/login']
18:06:31  INFO  manager.MyListener - Element with locator-->By.xpath: //a[@href='/login']  was found
18:06:31  INFO  manager.MyListener - Start searching element with locator-->By.xpath: //*[@placeholder='Email']
18:06:31  INFO  manager.MyListener - Element with locator-->By.xpath: //*[@placeholder='Email']  was found
18:06:32  INFO  manager.MyListener - Start searching element with locator-->By.xpath: //*[@placeholder='Password']
18:06:32  INFO  manager.MyListener - Element with locator-->By.xpath: //*[@placeholder='Password']  was found
18:06:32  INFO  manager.MyListener - Start searching element with locator-->By.xpath: //*[text()=' Registration']
18:06:32  INFO  manager.MyListener - Element with locator-->By.xpath: //*[text()=' Registration']  was found
18:06:33  INFO  manager.MyListener - Start searching element with locator-->By.cssSelector: div.login_login__3EHKB :first-child
18:06:33  INFO  manager.MyListener - Element with locator-->By.cssSelector: div.login_login__3EHKB :first-child  was found
Code of failure: - Registration failed with code 409
18:06:33  INFO  tests.TestBase - End of Test:  RegistrationFailExistUser
18:06:33  INFO  tests.TestBase - start test:  RegistrationFailPassword
18:06:33  INFO  manager.MyListener - Start searching element with locator-->By.xpath: //*[text()='Sign Out']
18:06:38  INFO  manager.MyListener - Element with locator-->By.xpath: //*[text()='Sign Out']  was found
18:06:38  INFO  tests.TestBase - registration with: email-> UserM364@gmail.com and password-> OlaMar345
18:06:38  INFO  manager.MyListener - Start searching element with locator-->By.xpath: //a[@href='/login']
18:06:38  INFO  manager.MyListener - Element with locator-->By.xpath: //a[@href='/login']  was found
18:06:38  INFO  manager.MyListener - Start searching element with locator-->By.xpath: //*[@placeholder='Email']
18:06:38  INFO  manager.MyListener - Element with locator-->By.xpath: //*[@placeholder='Email']  was found
18:06:39  INFO  manager.MyListener - Start searching element with locator-->By.xpath: //*[@placeholder='Password']
18:06:39  INFO  manager.MyListener - Element with locator-->By.xpath: //*[@placeholder='Password']  was found
18:06:39  INFO  manager.MyListener - Start searching element with locator-->By.xpath: //*[text()=' Registration']
18:06:39  INFO  manager.MyListener - Element with locator-->By.xpath: //*[text()=' Registration']  was found
18:06:40  INFO  manager.MyListener - Start searching element with locator-->By.cssSelector: div.login_login__3EHKB :first-child
18:06:40  INFO  manager.MyListener - Element with locator-->By.cssSelector: div.login_login__3EHKB :first-child  was found
Code of failure: - Registration failed with code 400
18:06:40  INFO  tests.TestBase - End of Test:  RegistrationFailPassword
18:06:40  INFO  tests.TestBase - start test:  RegistrationPos
18:06:40  INFO  manager.MyListener - Start searching element with locator-->By.xpath: //*[text()='Sign Out']
18:06:45  INFO  manager.MyListener - Element with locator-->By.xpath: //*[text()='Sign Out']  was found
18:06:45  INFO  tests.TestBase - registration with: email-> UserM364@gmail.com and password-> OlaMar345$
18:06:45  INFO  manager.MyListener - Start searching element with locator-->By.xpath: //a[@href='/login']
18:06:45  INFO  manager.MyListener - Element with locator-->By.xpath: //a[@href='/login']  was found
18:06:45  INFO  manager.MyListener - Start searching element with locator-->By.xpath: //*[@placeholder='Email']
18:06:45  INFO  manager.MyListener - Element with locator-->By.xpath: //*[@placeholder='Email']  was found
18:06:46  INFO  manager.MyListener - Start searching element with locator-->By.xpath: //*[@placeholder='Passwor']
18:06:51  INFO  manager.MyListener - There is some problem-->https://contacts-app.tobbymarshall815.vercel.app/login
18:06:51  INFO  manager.MyListener - no such element: Unable to locate element: {"method":"xpath","selector":"//*[@placeholder='Passwor']"}
  (Session info: chrome=101.0.4951.67)
For documentation on this error, please visit: https://www.seleniumhq.org/exceptions/no_such_element.html
Build info: version: '3.141.59', revision: 'e82be7d358', time: '2018-11-14T08:17:03'
System info: host: 'DESKTOP-KF54E9L', ip: '192.168.42.124', os.name: 'Windows 10', os.arch: 'amd64', os.version: '10.0', java.version: '1.8.0_321'
Driver info: org.openqa.selenium.chrome.ChromeDriver
Capabilities {acceptInsecureCerts: false, browserName: chrome, browserVersion: 101.0.4951.67, chrome: {chromedriverVersion: 101.0.4951.41 (93c720db8323..., userDataDir: C:\Users\Olga\AppData\Local...}, goog:chromeOptions: {debuggerAddress: localhost:51316}, javascriptEnabled: true, networkConnectionEnabled: false, pageLoadStrategy: normal, platform: WINDOWS, platformName: WINDOWS, proxy: Proxy(), setWindowRect: true, strictFileInteractability: false, timeouts: {implicit: 0, pageLoad: 300000, script: 30000}, unhandledPromptBehavior: dismiss and notify, webauthn:extension:credBlob: true, webauthn:extension:largeBlob: true, webauthn:virtualAuthenticators: true}
Session ID: 2cdd775ba8ea4b487dda55c9aa057e67
*** Element info: {Using=xpath, value=//*[@placeholder='Passwor']}
18:06:51  INFO  manager.MyListener - org.openqa.selenium.NoSuchElementException: no such element: Unable to locate element: {"method":"xpath","selector":"//*[@placeholder='Passwor']"}
  (Session info: chrome=101.0.4951.67)
For documentation on this error, please visit: https://www.seleniumhq.org/exceptions/no_such_element.html
Build info: version: '3.141.59', revision: 'e82be7d358', time: '2018-11-14T08:17:03'
System info: host: 'DESKTOP-KF54E9L', ip: '192.168.42.124', os.name: 'Windows 10', os.arch: 'amd64', os.version: '10.0', java.version: '1.8.0_321'
Driver info: org.openqa.selenium.chrome.ChromeDriver
Capabilities {acceptInsecureCerts: false, browserName: chrome, browserVersion: 101.0.4951.67, chrome: {chromedriverVersion: 101.0.4951.41 (93c720db8323..., userDataDir: C:\Users\Olga\AppData\Local...}, goog:chromeOptions: {debuggerAddress: localhost:51316}, javascriptEnabled: true, networkConnectionEnabled: false, pageLoadStrategy: normal, platform: WINDOWS, platformName: WINDOWS, proxy: Proxy(), setWindowRect: true, strictFileInteractability: false, timeouts: {implicit: 0, pageLoad: 300000, script: 30000}, unhandledPromptBehavior: dismiss and notify, webauthn:extension:credBlob: true, webauthn:extension:largeBlob: true, webauthn:virtualAuthenticators: true}
Session ID: 2cdd775ba8ea4b487dda55c9aa057e67
*** Element info: {Using=xpath, value=//*[@placeholder='Passwor']}
18:06:52  INFO  tests.TestBase - End of Test:  RegistrationPos
18:06:52  INFO  tests.TestBase - start test:  RegistrationPosModels
18:06:52  INFO  manager.MyListener - Start searching element with locator-->By.xpath: //*[text()='Sign Out']
18:06:57  INFO  manager.MyListener - Element with locator-->By.xpath: //*[text()='Sign Out']  was found
18:06:57  INFO  tests.TestBase - registration with: email-> UserO364@gmail.com and password-> OlaMar345$
18:06:57  INFO  manager.MyListener - Start searching element with locator-->By.xpath: //a[@href='/login']
18:06:57  INFO  manager.MyListener - Element with locator-->By.xpath: //a[@href='/login']  was found
18:06:57  INFO  manager.MyListener - Start searching element with locator-->By.xpath: //*[@placeholder='Email']
18:06:57  INFO  manager.MyListener - Element with locator-->By.xpath: //*[@placeholder='Email']  was found
18:06:58  INFO  manager.MyListener - Start searching element with locator-->By.xpath: //*[@placeholder='Password']
18:06:58  INFO  manager.MyListener - Element with locator-->By.xpath: //*[@placeholder='Password']  was found
18:06:58  INFO  manager.MyListener - Start searching element with locator-->By.xpath: //*[text()=' Registration']
18:06:58  INFO  manager.MyListener - Element with locator-->By.xpath: //*[text()=' Registration']  was found
18:06:58  INFO  manager.MyListener - Start searching element with locator-->By.xpath: //*[text()='Sign Out']
18:06:59  INFO  manager.MyListener - Element with locator-->By.xpath: //*[text()='Sign Out']  was found
18:06:59  INFO  tests.TestBase - End of Test:  RegistrationPosModels
]]></system-out>
  <system-err><![CDATA[]]></system-err>
</testsuite>
