<?xml version="1.0" encoding="UTF-8"?>
<testsuite name="tests.Login" tests="4" skipped="0" failures="0" errors="0" timestamp="2022-05-22T05:57:30" hostname="ARTEMKA" time="18.249">
  <properties/>
  <testcase name="LoginNegEmail" classname="tests.Login" time="5.954"/>
  <testcase name="LoginNegPass" classname="tests.Login" time="0.941"/>
  <testcase name="LoginPos" classname="tests.Login" time="0.66"/>
  <testcase name="LoginPosModels" classname="tests.Login" time="0.516"/>
  <system-out><![CDATA[08:57:29  INFO  tests.TestBase - start test:  LoginNegEmail
08:57:35  INFO  tests.TestBase - End of Test:  LoginNegEmail
08:57:35  INFO  tests.TestBase - start test:  LoginNegPass
08:57:41  INFO  tests.TestBase - End of Test:  LoginNegPass
08:57:41  INFO  tests.TestBase - start test:  LoginPos
08:57:47  INFO  tests.TestBase - End of Test:  LoginPos
08:57:47  INFO  tests.TestBase - start test:  LoginPosModels
08:57:48  INFO  tests.TestBase - End of Test:  LoginPosModels
]]></system-out>
  <system-err><![CDATA[]]></system-err>
</testsuite>
