<?xml version="1.0" encoding="UTF-8"?>
<testsuite name="tests.AddNewContact" tests="7" skipped="0" failures="0" errors="0" timestamp="2022-05-22T05:57:18" hostname="ARTEMKA" time="11.357">
  <properties/>
  <testcase name="contactAddSuccess" classname="tests.AddNewContact" time="2.196"/>
  <testcase name="contactAddSuccess" classname="tests.AddNewContact" time="1.294"/>
  <testcase name="contactAddSuccess" classname="tests.AddNewContact" time="1.313"/>
  <testcase name="oneContactAdd" classname="tests.AddNewContact" time="2.907"/>
  <testcase name="oneContactRemove" classname="tests.AddNewContact" time="1.157"/>
  <testcase name="removeContactByName" classname="tests.AddNewContact" time="1.211"/>
  <testcase name="removeOneContactWithDetails" classname="tests.AddNewContact" time="1.174"/>
  <system-out><![CDATA[08:57:13  INFO  tests.TestBase - start test:  contactAddSuccess
08:57:18  INFO  tests.TestBase - Test starts with contact--->Contact(name=Olala3438, lastName=Ben, phone=+1233333438, email=Rff3438@gmail.com, address=Tel Aviv, description=Work contact)
New contact created with Name - Olala3438 and with phone -+1233333438
08:57:20  INFO  tests.TestBase - End of Test:  contactAddSuccess
08:57:20  INFO  tests.TestBase - start test:  contactAddSuccess
08:57:20  INFO  tests.TestBase - Test starts with contact--->Contact(name=Olala3440, lastName=Ben, phone=+1233333440, email=Rff3440@gmail.com, address=Tel Aviv, description=Work contact)
New contact created with Name - Olala3440 and with phone -+1233333440
08:57:22  INFO  tests.TestBase - End of Test:  contactAddSuccess
08:57:22  INFO  tests.TestBase - start test:  contactAddSuccess
08:57:22  INFO  tests.TestBase - Test starts with contact--->Contact(name=Olala3442, lastName=Ben, phone=+1233333442, email=Rff3442@gmail.com, address=Tel Aviv, description=Work contact)
New contact created with Name - Olala3442 and with phone -+1233333442
08:57:23  INFO  tests.TestBase - End of Test:  contactAddSuccess
08:57:23  INFO  tests.TestBase - start test:  oneContactAdd
Total amount of contacts--->6
08:57:23  INFO  tests.TestBase - Test'Add new contact' starts with count of contacts--->6
Total amount of contacts--->7
08:57:26  INFO  tests.TestBase - Test'Add new contact' ends with count of contacts--->7
08:57:26  INFO  tests.TestBase - End of Test:  oneContactAdd
08:57:26  INFO  tests.TestBase - start test:  oneContactRemove
Total amount of contacts--->7
08:57:26  INFO  tests.TestBase - Contact's list start with 7contacts
Total amount of contacts--->6
08:57:27  INFO  tests.TestBase - Contact's list ends with 6contacts
08:57:27  INFO  tests.TestBase - End of Test:  oneContactRemove
08:57:27  INFO  tests.TestBase - start test:  removeContactByName
08:57:27  INFO  tests.TestBase - Contact to be deleted has name--->Ivan3430
08:57:28  INFO  manager.HelperBase - Contact was deleted
08:57:28  INFO  tests.TestBase - End of Test:  removeContactByName
08:57:28  INFO  tests.TestBase - start test:  removeOneContactWithDetails
Total amount of contacts--->5
08:57:28  INFO  tests.TestBase - Contact's list starts with 5contacts
08:57:28  INFO  manager.HelperBase - Deleted contact has phone number = +1233552966
Total amount of contacts--->4
08:57:29  INFO  tests.TestBase - Contact's list ends with 4contacts
08:57:29  INFO  tests.TestBase - End of Test:  removeOneContactWithDetails
]]></system-out>
  <system-err><![CDATA[]]></system-err>
</testsuite>
