<?xml version="1.0" encoding="UTF-8"?>
<testsuite name="tests.Login" tests="1" skipped="0" failures="0" errors="0" timestamp="2022-05-08T15:48:16" hostname="ARTEMKA" time="1.015">
  <properties/>
  <testcase name="LoginNegEmail" classname="tests.Login" time="1.015"/>
  <system-out><![CDATA[]]></system-out>
  <system-err><![CDATA[]]></system-err>
</testsuite>
