<?xml version="1.0" encoding="UTF-8"?>
<testsuite name="tests.Login" tests="1" skipped="0" failures="0" errors="0" timestamp="2022-04-26T16:37:37" hostname="DESKTOP-KF54E9L" time="2.646">
  <properties/>
  <testcase name="LoginPos" classname="tests.Login" time="2.646"/>
  <system-out><![CDATA[]]></system-out>
  <system-err><![CDATA[]]></system-err>
</testsuite>
